{"D:\\Projects Related\\promptwar2\\src\\App.jsx": {"path":"D:\\Projects Related\\promptwar2\\src\\App.jsx","all":true,"statementMap":{"0":{"start":{"line":1,"column":0},"end":{"line":1,"column":49}},"1":{"start":{"line":2,"column":0},"end":{"line":2,"column":21}},"2":{"start":{"line":3,"column":0},"end":{"line":3,"column":26}},"3":{"start":{"line":4,"column":0},"end":{"line":4,"column":48}},"4":{"start":{"line":5,"column":0},"end":{"line":5,"column":48}},"5":{"start":{"line":6,"column":0},"end":{"line":6,"column":55}},"6":{"start":{"line":7,"column":0},"end":{"line":7,"column":0}},"7":{"start":{"line":8,"column":0},"end":{"line":8,"column":43}},"8":{"start":{"line":9,"column":0},"end":{"line":9,"column":65}},"9":{"start":{"line":10,"column":0},"end":{"line":10,"column":77}},"10":{"start":{"line":11,"column":0},"end":{"line":11,"column":71}},"11":{"start":{"line":12,"column":0},"end":{"line":12,"column":81}},"12":{"start":{"line":13,"column":0},"end":{"line":13,"column":0}},"13":{"start":{"line":14,"column":0},"end":{"line":14,"column":33}},"14":{"start":{"line":15,"column":0},"end":{"line":15,"column":29}},"15":{"start":{"line":16,"column":0},"end":{"line":16,"column":42}},"16":{"start":{"line":17,"column":0},"end":{"line":17,"column":35}},"17":{"start":{"line":18,"column":0},"end":{"line":18,"column":28}},"18":{"start":{"line":19,"column":0},"end":{"line":19,"column":8}},"19":{"start":{"line":20,"column":0},"end":{"line":20,"column":2}},"20":{"start":{"line":21,"column":0},"end":{"line":21,"column":0}},"21":{"start":{"line":22,"column":0},"end":{"line":22,"column":16}},"22":{"start":{"line":23,"column":0},"end":{"line":23,"column":70}},"23":{"start":{"line":24,"column":0},"end":{"line":24,"column":0}},"24":{"start":{"line":25,"column":0},"end":{"line":25,"column":10}},"25":{"start":{"line":26,"column":0},"end":{"line":26,"column":35}},"26":{"start":{"line":27,"column":0},"end":{"line":27,"column":14}},"27":{"start":{"line":28,"column":0},"end":{"line":28,"column":42}},"28":{"start":{"line":29,"column":0},"end":{"line":29,"column":48}},"29":{"start":{"line":30,"column":0},"end":{"line":30,"column":8}},"30":{"start":{"line":31,"column":0},"end":{"line":31,"column":0}},"31":{"start":{"line":32,"column":0},"end":{"line":32,"column":88}},"32":{"start":{"line":33,"column":0},"end":{"line":33,"column":47}},"33":{"start":{"line":34,"column":0},"end":{"line":34,"column":96}},"34":{"start":{"line":35,"column":0},"end":{"line":35,"column":61}},"35":{"start":{"line":36,"column":0},"end":{"line":36,"column":66}},"36":{"start":{"line":37,"column":0},"end":{"line":37,"column":62}},"37":{"start":{"line":38,"column":0},"end":{"line":38,"column":65}},"38":{"start":{"line":39,"column":0},"end":{"line":39,"column":19}},"39":{"start":{"line":40,"column":0},"end":{"line":40,"column":13}},"40":{"start":{"line":41,"column":0},"end":{"line":41,"column":6}},"41":{"start":{"line":42,"column":0},"end":{"line":42,"column":16}},"42":{"start":{"line":43,"column":0},"end":{"line":43,"column":10}},"43":{"start":{"line":44,"column":0},"end":{"line":44,"column":4}},"44":{"start":{"line":45,"column":0},"end":{"line":45,"column":1}},"45":{"start":{"line":46,"column":0},"end":{"line":46,"column":0}},"46":{"start":{"line":47,"column":0},"end":{"line":47,"column":19}}},"s":{"0":0,"1":0,"2":0,"3":0,"4":0,"5":0,"6":0,"7":0,"8":0,"9":0,"10":0,"11":0,"12":0,"13":0,"14":0,"15":0,"16":0,"17":0,"18":0,"19":0,"20":0,"21":0,"22":0,"23":0,"24":0,"25":0,"26":0,"27":0,"28":0,"29":0,"30":0,"31":0,"32":0,"33":0,"34":0,"35":0,"36":0,"37":0,"38":0,"39":0,"40":0,"41":0,"42":0,"43":0,"44":0,"45":0,"46":0},"branchMap":{"0":{"type":"branch","line":1,"loc":{"start":{"line":1,"column":0},"end":{"line":47,"column":19}},"locations":[{"start":{"line":1,"column":0},"end":{"line":47,"column":19}}]}},"b":{"0":[0]},"fnMap":{"0":{"name":"(empty-report)","decl":{"start":{"line":1,"column":0},"end":{"line":47,"column":19}},"loc":{"start":{"line":1,"column":0},"end":{"line":47,"column":19}},"line":1}},"f":{"0":0}}
,"D:\\Projects Related\\promptwar2\\src\\components\\AssistantChat.jsx": {"path":"D:\\Projects Related\\promptwar2\\src\\components\\AssistantChat.jsx","all":false,"statementMap":{"0":{"start":{"line":1,"column":0},"end":{"line":1,"column":26}},"1":{"start":{"line":2,"column":0},"end":{"line":2,"column":55}},"2":{"start":{"line":3,"column":0},"end":{"line":3,"column":43}},"3":{"start":{"line":4,"column":0},"end":{"line":4,"column":45}},"4":{"start":{"line":5,"column":0},"end":{"line":5,"column":41}},"5":{"start":{"line":6,"column":0},"end":{"line":6,"column":53}},"6":{"start":{"line":7,"column":0},"end":{"line":7,"column":59}},"7":{"start":{"line":8,"column":0},"end":{"line":8,"column":37}},"17":{"start":{"line":18,"column":0},"end":{"line":18,"column":55}},"18":{"start":{"line":19,"column":0},"end":{"line":19,"column":9}},"19":{"start":{"line":20,"column":0},"end":{"line":20,"column":13}},"20":{"start":{"line":21,"column":0},"end":{"line":21,"column":10}},"21":{"start":{"line":22,"column":0},"end":{"line":22,"column":13}},"22":{"start":{"line":23,"column":0},"end":{"line":23,"column":14}},"23":{"start":{"line":24,"column":0},"end":{"line":24,"column":16}},"24":{"start":{"line":25,"column":0},"end":{"line":25,"column":18}},"25":{"start":{"line":26,"column":0},"end":{"line":26,"column":25}},"26":{"start":{"line":27,"column":0},"end":{"line":27,"column":28}},"27":{"start":{"line":28,"column":0},"end":{"line":28,"column":19}},"28":{"start":{"line":29,"column":0},"end":{"line":29,"column":15}},"29":{"start":{"line":30,"column":0},"end":{"line":30,"column":19}},"30":{"start":{"line":31,"column":0},"end":{"line":31,"column":26}},"32":{"start":{"line":33,"column":0},"end":{"line":33,"column":10}},"33":{"start":{"line":34,"column":0},"end":{"line":34,"column":48}},"35":{"start":{"line":36,"column":0},"end":{"line":36,"column":23}},"36":{"start":{"line":37,"column":0},"end":{"line":37,"column":54}},"38":{"start":{"line":39,"column":0},"end":{"line":39,"column":14}},"41":{"start":{"line":42,"column":0},"end":{"line":42,"column":25}},"42":{"start":{"line":43,"column":0},"end":{"line":43,"column":55}},"43":{"start":{"line":44,"column":0},"end":{"line":44,"column":28}},"44":{"start":{"line":45,"column":0},"end":{"line":45,"column":14}},"47":{"start":{"line":48,"column":0},"end":{"line":48,"column":82}},"48":{"start":{"line":49,"column":0},"end":{"line":49,"column":43}},"49":{"start":{"line":50,"column":0},"end":{"line":50,"column":53}},"50":{"start":{"line":51,"column":0},"end":{"line":51,"column":45}},"53":{"start":{"line":54,"column":0},"end":{"line":54,"column":68}},"54":{"start":{"line":55,"column":0},"end":{"line":55,"column":22}},"55":{"start":{"line":56,"column":0},"end":{"line":56,"column":43}},"56":{"start":{"line":57,"column":0},"end":{"line":57,"column":76}},"57":{"start":{"line":58,"column":0},"end":{"line":58,"column":97}},"59":{"start":{"line":60,"column":0},"end":{"line":60,"column":57}},"60":{"start":{"line":61,"column":0},"end":{"line":61,"column":110}},"61":{"start":{"line":62,"column":0},"end":{"line":62,"column":89}},"62":{"start":{"line":63,"column":0},"end":{"line":63,"column":22}},"63":{"start":{"line":64,"column":0},"end":{"line":64,"column":85}},"64":{"start":{"line":65,"column":0},"end":{"line":65,"column":23}},"66":{"start":{"line":67,"column":0},"end":{"line":67,"column":16}},"67":{"start":{"line":68,"column":0},"end":{"line":68,"column":11}},"70":{"start":{"line":71,"column":0},"end":{"line":71,"column":23}},"71":{"start":{"line":72,"column":0},"end":{"line":72,"column":88}},"72":{"start":{"line":73,"column":0},"end":{"line":73,"column":80}},"73":{"start":{"line":74,"column":0},"end":{"line":74,"column":53}},"74":{"start":{"line":75,"column":0},"end":{"line":75,"column":63}},"75":{"start":{"line":76,"column":0},"end":{"line":76,"column":55}},"76":{"start":{"line":77,"column":0},"end":{"line":77,"column":20}},"77":{"start":{"line":78,"column":0},"end":{"line":78,"column":18}},"78":{"start":{"line":79,"column":0},"end":{"line":79,"column":16}},"82":{"start":{"line":83,"column":0},"end":{"line":83,"column":28}},"83":{"start":{"line":84,"column":0},"end":{"line":84,"column":47}},"84":{"start":{"line":85,"column":0},"end":{"line":85,"column":55}},"85":{"start":{"line":86,"column":0},"end":{"line":86,"column":37}},"86":{"start":{"line":87,"column":0},"end":{"line":87,"column":10}},"88":{"start":{"line":89,"column":0},"end":{"line":89,"column":36}},"89":{"start":{"line":90,"column":0},"end":{"line":90,"column":12}},"92":{"start":{"line":93,"column":0},"end":{"line":93,"column":37}},"93":{"start":{"line":94,"column":0},"end":{"line":94,"column":19}},"94":{"start":{"line":95,"column":0},"end":{"line":95,"column":23}},"95":{"start":{"line":96,"column":0},"end":{"line":96,"column":29}},"96":{"start":{"line":97,"column":0},"end":{"line":97,"column":29}},"97":{"start":{"line":98,"column":0},"end":{"line":98,"column":30}},"98":{"start":{"line":99,"column":0},"end":{"line":99,"column":10}},"100":{"start":{"line":101,"column":0},"end":{"line":101,"column":46}},"101":{"start":{"line":102,"column":0},"end":{"line":102,"column":25}},"103":{"start":{"line":104,"column":0},"end":{"line":104,"column":13}},"104":{"start":{"line":105,"column":0},"end":{"line":105,"column":12}},"107":{"start":{"line":108,"column":0},"end":{"line":108,"column":46}},"108":{"start":{"line":109,"column":0},"end":{"line":109,"column":11}},"110":{"start":{"line":111,"column":0},"end":{"line":111,"column":113}},"112":{"start":{"line":113,"column":0},"end":{"line":113,"column":12}},"113":{"start":{"line":114,"column":0},"end":{"line":114,"column":12}},"114":{"start":{"line":115,"column":0},"end":{"line":115,"column":10}},"116":{"start":{"line":117,"column":0},"end":{"line":117,"column":1}}},"s":{"0":1,"1":1,"2":1,"3":1,"4":1,"5":1,"6":1,"7":1,"17":10,"18":10,"19":10,"20":10,"21":10,"22":10,"23":10,"24":10,"25":10,"26":10,"27":10,"28":10,"29":10,"30":10,"32":10,"33":10,"35":10,"36":0,"38":0,"41":10,"42":0,"43":0,"44":0,"47":10,"48":10,"49":16,"50":16,"53":16,"54":0,"55":0,"56":0,"57":0,"59":0,"60":0,"61":0,"62":0,"63":0,"64":0,"66":16,"67":10,"70":10,"71":2,"72":2,"73":2,"74":2,"75":2,"76":2,"77":2,"78":2,"82":10,"83":10,"84":10,"85":10,"86":10,"88":10,"89":10,"92":10,"93":10,"94":10,"95":10,"96":10,"97":10,"98":10,"100":10,"101":0,"103":10,"104":10,"107":10,"108":10,"110":10,"112":10,"113":10,"114":10,"116":10},"branchMap":{"0":{"type":"branch","line":18,"loc":{"start":{"line":18,"column":0},"end":{"line":117,"column":1}},"locations":[{"start":{"line":18,"column":0},"end":{"line":117,"column":1}}]},"1":{"type":"branch","line":36,"loc":{"start":{"line":36,"column":7},"end":{"line":39,"column":14}},"locations":[{"start":{"line":36,"column":7},"end":{"line":39,"column":14}}]},"2":{"type":"branch","line":42,"loc":{"start":{"line":42,"column":7},"end":{"line":45,"column":14}},"locations":[{"start":{"line":42,"column":7},"end":{"line":45,"column":14}}]},"3":{"type":"branch","line":71,"loc":{"start":{"line":71,"column":9},"end":{"line":79,"column":16}},"locations":[{"start":{"line":71,"column":9},"end":{"line":79,"column":16}}]},"4":{"type":"branch","line":49,"loc":{"start":{"line":49,"column":22},"end":{"line":67,"column":16}},"locations":[{"start":{"line":49,"column":22},"end":{"line":67,"column":16}}]},"5":{"type":"branch","line":54,"loc":{"start":{"line":54,"column":30},"end":{"line":54,"column":68}},"locations":[{"start":{"line":54,"column":30},"end":{"line":54,"column":68}}]},"6":{"type":"branch","line":54,"loc":{"start":{"line":54,"column":53},"end":{"line":65,"column":23}},"locations":[{"start":{"line":54,"column":53},"end":{"line":65,"column":23}}]}},"b":{"0":[10],"1":[0],"2":[0],"3":[2],"4":[16],"5":[12],"6":[0]},"fnMap":{"0":{"name":"AssistantChat","decl":{"start":{"line":18,"column":0},"end":{"line":117,"column":1}},"loc":{"start":{"line":18,"column":0},"end":{"line":117,"column":1}},"line":18},"1":{"name":"onClick","decl":{"start":{"line":57,"column":25},"end":{"line":57,"column":76}},"loc":{"start":{"line":57,"column":25},"end":{"line":57,"column":76}},"line":57},"2":{"name":"onClose","decl":{"start":{"line":85,"column":19},"end":{"line":85,"column":55}},"loc":{"start":{"line":85,"column":19},"end":{"line":85,"column":55}},"line":85},"3":{"name":"onSelect","decl":{"start":{"line":101,"column":35},"end":{"line":104,"column":11}},"loc":{"start":{"line":101,"column":35},"end":{"line":104,"column":11}},"line":101}},"f":{"0":10,"1":0,"2":0,"3":0}}
,"D:\\Projects Related\\promptwar2\\src\\components\\ElectionTimeline.jsx": {"path":"D:\\Projects Related\\promptwar2\\src\\components\\ElectionTimeline.jsx","all":false,"statementMap":{"0":{"start":{"line":1,"column":0},"end":{"line":1,"column":26}},"1":{"start":{"line":2,"column":0},"end":{"line":2,"column":50}},"2":{"start":{"line":3,"column":0},"end":{"line":3,"column":40}},"4":{"start":{"line":5,"column":0},"end":{"line":5,"column":44}},"5":{"start":{"line":6,"column":0},"end":{"line":6,"column":10}},"6":{"start":{"line":7,"column":0},"end":{"line":7,"column":40}},"7":{"start":{"line":8,"column":0},"end":{"line":8,"column":33}},"8":{"start":{"line":9,"column":0},"end":{"line":9,"column":93}},"10":{"start":{"line":11,"column":0},"end":{"line":11,"column":32}},"11":{"start":{"line":12,"column":0},"end":{"line":12,"column":44}},"12":{"start":{"line":13,"column":0},"end":{"line":13,"column":93}},"13":{"start":{"line":14,"column":0},"end":{"line":14,"column":58}},"14":{"start":{"line":15,"column":0},"end":{"line":15,"column":63}},"15":{"start":{"line":16,"column":0},"end":{"line":16,"column":35}},"16":{"start":{"line":17,"column":0},"end":{"line":17,"column":39}},"17":{"start":{"line":18,"column":0},"end":{"line":18,"column":18}},"18":{"start":{"line":19,"column":0},"end":{"line":19,"column":16}},"19":{"start":{"line":20,"column":0},"end":{"line":20,"column":11}},"20":{"start":{"line":21,"column":0},"end":{"line":21,"column":12}},"21":{"start":{"line":22,"column":0},"end":{"line":22,"column":10}},"23":{"start":{"line":24,"column":0},"end":{"line":24,"column":1}}},"s":{"0":1,"1":1,"2":1,"4":1,"5":1,"6":1,"7":1,"8":1,"10":1,"11":1,"12":5,"13":5,"14":5,"15":5,"16":5,"17":5,"18":5,"19":1,"20":1,"21":1,"23":1},"branchMap":{"0":{"type":"branch","line":5,"loc":{"start":{"line":5,"column":0},"end":{"line":24,"column":1}},"locations":[{"start":{"line":5,"column":0},"end":{"line":24,"column":1}}]},"1":{"type":"branch","line":12,"loc":{"start":{"line":12,"column":26},"end":{"line":19,"column":16}},"locations":[{"start":{"line":12,"column":26},"end":{"line":19,"column":16}}]},"2":{"type":"branch","line":13,"loc":{"start":{"line":13,"column":69},"end":{"line":13,"column":82}},"locations":[{"start":{"line":13,"column":69},"end":{"line":13,"column":82}}]},"3":{"type":"branch","line":13,"loc":{"start":{"line":13,"column":73},"end":{"line":13,"column":89}},"locations":[{"start":{"line":13,"column":73},"end":{"line":13,"column":89}}]}},"b":{"0":[1],"1":[5],"2":[3],"3":[2]},"fnMap":{"0":{"name":"ElectionTimeline","decl":{"start":{"line":5,"column":0},"end":{"line":24,"column":1}},"loc":{"start":{"line":5,"column":0},"end":{"line":24,"column":1}},"line":5}},"f":{"0":1}}
,"D:\\Projects Related\\promptwar2\\src\\components\\Flashcards.jsx": {"path":"D:\\Projects Related\\promptwar2\\src\\components\\Flashcards.jsx","all":false,"statementMap":{"0":{"start":{"line":1,"column":0},"end":{"line":1,"column":40}},"1":{"start":{"line":2,"column":0},"end":{"line":2,"column":43}},"2":{"start":{"line":3,"column":0},"end":{"line":3,"column":46}},"3":{"start":{"line":4,"column":0},"end":{"line":4,"column":34}},"5":{"start":{"line":6,"column":0},"end":{"line":6,"column":38}},"6":{"start":{"line":7,"column":0},"end":{"line":7,"column":62}},"8":{"start":{"line":9,"column":0},"end":{"line":9,"column":30}},"9":{"start":{"line":10,"column":0},"end":{"line":10,"column":29}},"10":{"start":{"line":11,"column":0},"end":{"line":11,"column":39}},"11":{"start":{"line":12,"column":0},"end":{"line":12,"column":31}},"12":{"start":{"line":13,"column":0},"end":{"line":13,"column":30}},"13":{"start":{"line":14,"column":0},"end":{"line":14,"column":14}},"14":{"start":{"line":15,"column":0},"end":{"line":15,"column":27}},"15":{"start":{"line":16,"column":0},"end":{"line":16,"column":7}},"16":{"start":{"line":17,"column":0},"end":{"line":17,"column":24}},"17":{"start":{"line":18,"column":0},"end":{"line":18,"column":7}},"18":{"start":{"line":19,"column":0},"end":{"line":19,"column":4}},"20":{"start":{"line":21,"column":0},"end":{"line":21,"column":10}},"21":{"start":{"line":22,"column":0},"end":{"line":22,"column":42}},"22":{"start":{"line":23,"column":0},"end":{"line":23,"column":33}},"23":{"start":{"line":24,"column":0},"end":{"line":24,"column":72}},"25":{"start":{"line":26,"column":0},"end":{"line":26,"column":34}},"26":{"start":{"line":27,"column":0},"end":{"line":27,"column":33}},"27":{"start":{"line":28,"column":0},"end":{"line":28,"column":15}},"28":{"start":{"line":29,"column":0},"end":{"line":29,"column":26}},"29":{"start":{"line":30,"column":0},"end":{"line":30,"column":81}},"30":{"start":{"line":31,"column":0},"end":{"line":31,"column":47}},"32":{"start":{"line":33,"column":0},"end":{"line":33,"column":45}},"33":{"start":{"line":34,"column":0},"end":{"line":34,"column":68}},"34":{"start":{"line":35,"column":0},"end":{"line":35,"column":36}},"35":{"start":{"line":36,"column":0},"end":{"line":36,"column":62}},"36":{"start":{"line":37,"column":0},"end":{"line":37,"column":20}},"37":{"start":{"line":38,"column":0},"end":{"line":38,"column":67}},"38":{"start":{"line":39,"column":0},"end":{"line":39,"column":40}},"39":{"start":{"line":40,"column":0},"end":{"line":40,"column":20}},"40":{"start":{"line":41,"column":0},"end":{"line":41,"column":18}},"41":{"start":{"line":42,"column":0},"end":{"line":42,"column":16}},"42":{"start":{"line":43,"column":0},"end":{"line":43,"column":11}},"43":{"start":{"line":44,"column":0},"end":{"line":44,"column":12}},"44":{"start":{"line":45,"column":0},"end":{"line":45,"column":10}},"46":{"start":{"line":47,"column":0},"end":{"line":47,"column":1}}},"s":{"0":1,"1":1,"2":1,"3":1,"5":1,"6":1,"8":1,"9":0,"10":0,"11":0,"12":0,"13":0,"14":0,"15":0,"16":0,"17":0,"18":0,"20":1,"21":1,"22":1,"23":1,"25":1,"26":1,"27":6,"28":6,"29":6,"30":6,"32":6,"33":6,"34":6,"35":6,"36":6,"37":6,"38":6,"39":6,"40":6,"41":6,"42":1,"43":1,"44":1,"46":1},"branchMap":{"0":{"type":"branch","line":6,"loc":{"start":{"line":6,"column":0},"end":{"line":47,"column":1}},"locations":[{"start":{"line":6,"column":0},"end":{"line":47,"column":1}}]},"1":{"type":"branch","line":27,"loc":{"start":{"line":27,"column":22},"end":{"line":42,"column":16}},"locations":[{"start":{"line":27,"column":22},"end":{"line":42,"column":16}}]},"2":{"type":"branch","line":30,"loc":{"start":{"line":30,"column":60},"end":{"line":30,"column":76}},"locations":[{"start":{"line":30,"column":60},"end":{"line":30,"column":76}}]}},"b":{"0":[1],"1":[6],"2":[0]},"fnMap":{"0":{"name":"Flashcards","decl":{"start":{"line":6,"column":0},"end":{"line":47,"column":1}},"loc":{"start":{"line":6,"column":0},"end":{"line":47,"column":1}},"line":6},"1":{"name":"handleFlip","decl":{"start":{"line":9,"column":21},"end":{"line":19,"column":4}},"loc":{"start":{"line":9,"column":21},"end":{"line":19,"column":4}},"line":9},"2":{"name":"onClick","decl":{"start":{"line":31,"column":21},"end":{"line":31,"column":47}},"loc":{"start":{"line":31,"column":21},"end":{"line":31,"column":47}},"line":31}},"f":{"0":1,"1":0,"2":0}}
,"D:\\Projects Related\\promptwar2\\src\\components\\PollingBoothFinder.jsx": {"path":"D:\\Projects Related\\promptwar2\\src\\components\\PollingBoothFinder.jsx","all":false,"statementMap":{"0":{"start":{"line":1,"column":0},"end":{"line":1,"column":61}},"1":{"start":{"line":2,"column":0},"end":{"line":2,"column":56}},"2":{"start":{"line":3,"column":0},"end":{"line":3,"column":100}},"3":{"start":{"line":4,"column":0},"end":{"line":4,"column":61}},"4":{"start":{"line":5,"column":0},"end":{"line":5,"column":66}},"5":{"start":{"line":6,"column":0},"end":{"line":6,"column":82}},"7":{"start":{"line":8,"column":0},"end":{"line":8,"column":54}},"8":{"start":{"line":9,"column":0},"end":{"line":9,"column":44}},"9":{"start":{"line":10,"column":0},"end":{"line":10,"column":46}},"11":{"start":{"line":12,"column":0},"end":{"line":12,"column":42}},"13":{"start":{"line":14,"column":0},"end":{"line":14,"column":29}},"14":{"start":{"line":15,"column":0},"end":{"line":15,"column":73}},"15":{"start":{"line":16,"column":0},"end":{"line":16,"column":23}},"16":{"start":{"line":17,"column":0},"end":{"line":17,"column":23}},"23":{"start":{"line":24,"column":0},"end":{"line":24,"column":46}},"24":{"start":{"line":25,"column":0},"end":{"line":25,"column":53}},"25":{"start":{"line":26,"column":0},"end":{"line":26,"column":61}},"26":{"start":{"line":27,"column":0},"end":{"line":27,"column":55}},"27":{"start":{"line":28,"column":0},"end":{"line":28,"column":47}},"28":{"start":{"line":29,"column":0},"end":{"line":29,"column":63}},"29":{"start":{"line":30,"column":0},"end":{"line":30,"column":56}},"30":{"start":{"line":31,"column":0},"end":{"line":31,"column":55}},"31":{"start":{"line":32,"column":0},"end":{"line":32,"column":56}},"32":{"start":{"line":33,"column":0},"end":{"line":33,"column":30}},"34":{"start":{"line":35,"column":0},"end":{"line":35,"column":58}},"36":{"start":{"line":37,"column":0},"end":{"line":37,"column":50}},"37":{"start":{"line":38,"column":0},"end":{"line":38,"column":35}},"38":{"start":{"line":39,"column":0},"end":{"line":39,"column":25}},"39":{"start":{"line":40,"column":0},"end":{"line":40,"column":5}},"41":{"start":{"line":42,"column":0},"end":{"line":42,"column":42}},"42":{"start":{"line":43,"column":0},"end":{"line":43,"column":25}},"43":{"start":{"line":44,"column":0},"end":{"line":44,"column":9}},"48":{"start":{"line":49,"column":0},"end":{"line":49,"column":36}},"49":{"start":{"line":50,"column":0},"end":{"line":50,"column":55}},"50":{"start":{"line":51,"column":0},"end":{"line":51,"column":52}},"52":{"start":{"line":53,"column":0},"end":{"line":53,"column":56}},"53":{"start":{"line":54,"column":0},"end":{"line":54,"column":70}},"54":{"start":{"line":55,"column":0},"end":{"line":55,"column":13}},"55":{"start":{"line":56,"column":0},"end":{"line":56,"column":5}},"57":{"start":{"line":58,"column":0},"end":{"line":58,"column":25}},"58":{"start":{"line":59,"column":0},"end":{"line":59,"column":24}},"59":{"start":{"line":60,"column":0},"end":{"line":60,"column":20}},"60":{"start":{"line":61,"column":0},"end":{"line":61,"column":29}},"62":{"start":{"line":63,"column":0},"end":{"line":63,"column":9}},"63":{"start":{"line":64,"column":0},"end":{"line":64,"column":57}},"65":{"start":{"line":66,"column":0},"end":{"line":66,"column":22}},"66":{"start":{"line":67,"column":0},"end":{"line":67,"column":59}},"67":{"start":{"line":68,"column":0},"end":{"line":68,"column":79}},"68":{"start":{"line":69,"column":0},"end":{"line":69,"column":54}},"69":{"start":{"line":70,"column":0},"end":{"line":70,"column":7}},"71":{"start":{"line":72,"column":0},"end":{"line":72,"column":29}},"72":{"start":{"line":73,"column":0},"end":{"line":73,"column":30}},"74":{"start":{"line":75,"column":0},"end":{"line":75,"column":76}},"75":{"start":{"line":76,"column":0},"end":{"line":76,"column":27}},"76":{"start":{"line":77,"column":0},"end":{"line":77,"column":27}},"78":{"start":{"line":79,"column":0},"end":{"line":79,"column":50}},"80":{"start":{"line":81,"column":0},"end":{"line":81,"column":33}},"81":{"start":{"line":82,"column":0},"end":{"line":82,"column":136}},"82":{"start":{"line":83,"column":0},"end":{"line":83,"column":7}},"83":{"start":{"line":84,"column":0},"end":{"line":84,"column":21}},"84":{"start":{"line":85,"column":0},"end":{"line":85,"column":47}},"85":{"start":{"line":86,"column":0},"end":{"line":86,"column":118}},"86":{"start":{"line":87,"column":0},"end":{"line":87,"column":15}},"87":{"start":{"line":88,"column":0},"end":{"line":88,"column":28}},"88":{"start":{"line":89,"column":0},"end":{"line":89,"column":5}},"89":{"start":{"line":90,"column":0},"end":{"line":90,"column":4}},"94":{"start":{"line":95,"column":0},"end":{"line":95,"column":43}},"95":{"start":{"line":96,"column":0},"end":{"line":96,"column":25}},"96":{"start":{"line":97,"column":0},"end":{"line":97,"column":24}},"97":{"start":{"line":98,"column":0},"end":{"line":98,"column":9}},"98":{"start":{"line":99,"column":0},"end":{"line":99,"column":45}},"99":{"start":{"line":100,"column":0},"end":{"line":100,"column":79}},"101":{"start":{"line":102,"column":0},"end":{"line":102,"column":29}},"102":{"start":{"line":103,"column":0},"end":{"line":103,"column":30}},"104":{"start":{"line":105,"column":0},"end":{"line":105,"column":76}},"105":{"start":{"line":106,"column":0},"end":{"line":106,"column":27}},"106":{"start":{"line":107,"column":0},"end":{"line":107,"column":27}},"107":{"start":{"line":108,"column":0},"end":{"line":108,"column":41}},"108":{"start":{"line":109,"column":0},"end":{"line":109,"column":21}},"109":{"start":{"line":110,"column":0},"end":{"line":110,"column":94}},"110":{"start":{"line":111,"column":0},"end":{"line":111,"column":15}},"111":{"start":{"line":112,"column":0},"end":{"line":112,"column":28}},"112":{"start":{"line":113,"column":0},"end":{"line":113,"column":5}},"113":{"start":{"line":114,"column":0},"end":{"line":114,"column":4}},"115":{"start":{"line":116,"column":0},"end":{"line":116,"column":140}},"116":{"start":{"line":117,"column":0},"end":{"line":117,"column":102}},"118":{"start":{"line":119,"column":0},"end":{"line":119,"column":10}},"119":{"start":{"line":120,"column":0},"end":{"line":120,"column":60}},"120":{"start":{"line":121,"column":0},"end":{"line":121,"column":46}},"121":{"start":{"line":122,"column":0},"end":{"line":122,"column":44}},"122":{"start":{"line":123,"column":0},"end":{"line":123,"column":95}},"123":{"start":{"line":124,"column":0},"end":{"line":124,"column":15}},"125":{"start":{"line":126,"column":0},"end":{"line":126,"column":56}},"126":{"start":{"line":127,"column":0},"end":{"line":127,"column":47}},"127":{"start":{"line":128,"column":0},"end":{"line":128,"column":27}},"128":{"start":{"line":129,"column":0},"end":{"line":129,"column":31}},"129":{"start":{"line":130,"column":0},"end":{"line":130,"column":37}},"130":{"start":{"line":131,"column":0},"end":{"line":131,"column":35}},"131":{"start":{"line":132,"column":0},"end":{"line":132,"column":42}},"132":{"start":{"line":133,"column":0},"end":{"line":133,"column":35}},"133":{"start":{"line":134,"column":0},"end":{"line":134,"column":12}},"135":{"start":{"line":136,"column":0},"end":{"line":136,"column":28}},"136":{"start":{"line":137,"column":0},"end":{"line":137,"column":62}},"137":{"start":{"line":138,"column":0},"end":{"line":138,"column":31}},"138":{"start":{"line":139,"column":0},"end":{"line":139,"column":18}},"141":{"start":{"line":142,"column":0},"end":{"line":142,"column":48}},"142":{"start":{"line":143,"column":0},"end":{"line":143,"column":24}},"143":{"start":{"line":144,"column":0},"end":{"line":144,"column":32}},"144":{"start":{"line":145,"column":0},"end":{"line":145,"column":28}},"145":{"start":{"line":146,"column":0},"end":{"line":146,"column":33}},"146":{"start":{"line":147,"column":0},"end":{"line":147,"column":32}},"147":{"start":{"line":148,"column":0},"end":{"line":148,"column":50}},"148":{"start":{"line":149,"column":0},"end":{"line":149,"column":47}},"149":{"start":{"line":150,"column":0},"end":{"line":150,"column":58}},"150":{"start":{"line":151,"column":0},"end":{"line":151,"column":14}},"152":{"start":{"line":153,"column":0},"end":{"line":153,"column":25}},"153":{"start":{"line":154,"column":0},"end":{"line":154,"column":33}},"154":{"start":{"line":155,"column":0},"end":{"line":155,"column":47}},"155":{"start":{"line":156,"column":0},"end":{"line":156,"column":43}},"156":{"start":{"line":157,"column":0},"end":{"line":157,"column":14}},"157":{"start":{"line":158,"column":0},"end":{"line":158,"column":16}},"158":{"start":{"line":159,"column":0},"end":{"line":159,"column":14}},"159":{"start":{"line":160,"column":0},"end":{"line":160,"column":12}},"161":{"start":{"line":162,"column":0},"end":{"line":162,"column":24}},"162":{"start":{"line":163,"column":0},"end":{"line":163,"column":49}},"163":{"start":{"line":164,"column":0},"end":{"line":164,"column":124}},"164":{"start":{"line":165,"column":0},"end":{"line":165,"column":14}},"166":{"start":{"line":167,"column":0},"end":{"line":167,"column":10}},"168":{"start":{"line":169,"column":0},"end":{"line":169,"column":1}}},"s":{"0":1,"1":1,"2":1,"3":1,"4":1,"5":1,"7":1,"8":1,"9":1,"11":1,"13":1,"14":1,"15":1,"16":1,"23":8,"24":8,"25":8,"26":8,"27":8,"28":8,"29":8,"30":8,"31":8,"32":8,"34":8,"36":8,"37":8,"38":8,"39":8,"41":8,"42":8,"43":8,"48":8,"49":2,"50":2,"52":2,"53":0,"54":0,"55":0,"57":2,"58":2,"59":2,"60":2,"62":2,"63":2,"65":2,"66":2,"67":2,"68":1,"69":1,"71":1,"72":1,"74":1,"75":1,"76":1,"78":1,"80":2,"81":0,"82":0,"83":2,"84":1,"85":1,"86":2,"87":2,"88":2,"89":2,"94":8,"95":0,"96":0,"97":0,"98":0,"99":0,"101":0,"102":0,"104":0,"105":0,"106":0,"107":0,"108":0,"109":0,"110":0,"111":0,"112":0,"113":0,"115":8,"116":8,"118":8,"119":8,"120":8,"121":8,"122":8,"123":8,"125":8,"126":8,"127":8,"128":8,"129":8,"130":8,"131":8,"132":8,"133":8,"135":8,"136":1,"137":1,"138":1,"141":8,"142":8,"143":8,"144":8,"145":8,"146":8,"147":8,"148":8,"149":8,"150":8,"152":8,"153":8,"154":8,"155":8,"156":8,"157":8,"158":8,"159":8,"161":8,"162":7,"163":7,"164":7,"166":8,"168":8},"branchMap":{"0":{"type":"branch","line":24,"loc":{"start":{"line":24,"column":0},"end":{"line":169,"column":1}},"locations":[{"start":{"line":24,"column":0},"end":{"line":169,"column":1}}]},"1":{"type":"branch","line":38,"loc":{"start":{"line":38,"column":22},"end":{"line":38,"column":35}},"locations":[{"start":{"line":38,"column":22},"end":{"line":38,"column":35}}]},"2":{"type":"branch","line":116,"loc":{"start":{"line":116,"column":17},"end":{"line":116,"column":140}},"locations":[{"start":{"line":116,"column":17},"end":{"line":116,"column":140}}]},"3":{"type":"branch","line":117,"loc":{"start":{"line":117,"column":17},"end":{"line":117,"column":102}},"locations":[{"start":{"line":117,"column":17},"end":{"line":117,"column":102}}]},"4":{"type":"branch","line":136,"loc":{"start":{"line":136,"column":11},"end":{"line":139,"column":18}},"locations":[{"start":{"line":136,"column":11},"end":{"line":139,"column":18}}]},"5":{"type":"branch","line":162,"loc":{"start":{"line":162,"column":8},"end":{"line":165,"column":14}},"locations":[{"start":{"line":162,"column":8},"end":{"line":165,"column":14}}]},"6":{"type":"branch","line":42,"loc":{"start":{"line":42,"column":32},"end":{"line":44,"column":5}},"locations":[{"start":{"line":42,"column":32},"end":{"line":44,"column":5}}]},"7":{"type":"branch","line":49,"loc":{"start":{"line":49,"column":23},"end":{"line":90,"column":4}},"locations":[{"start":{"line":49,"column":23},"end":{"line":90,"column":4}}]},"8":{"type":"branch","line":51,"loc":{"start":{"line":51,"column":45},"end":{"line":51,"column":52}},"locations":[{"start":{"line":51,"column":45},"end":{"line":51,"column":52}}]},"9":{"type":"branch","line":53,"loc":{"start":{"line":53,"column":55},"end":{"line":56,"column":5}},"locations":[{"start":{"line":53,"column":55},"end":{"line":56,"column":5}}]},"10":{"type":"branch","line":68,"loc":{"start":{"line":68,"column":77},"end":{"line":81,"column":32}},"locations":[{"start":{"line":68,"column":77},"end":{"line":81,"column":32}}]},"11":{"type":"branch","line":81,"loc":{"start":{"line":81,"column":32},"end":{"line":83,"column":7}},"locations":[{"start":{"line":81,"column":32},"end":{"line":83,"column":7}}]},"12":{"type":"branch","line":84,"loc":{"start":{"line":84,"column":4},"end":{"line":87,"column":6}},"locations":[{"start":{"line":84,"column":4},"end":{"line":87,"column":6}}]},"13":{"type":"branch","line":86,"loc":{"start":{"line":86,"column":28},"end":{"line":86,"column":116}},"locations":[{"start":{"line":86,"column":28},"end":{"line":86,"column":116}}]}},"b":{"0":[8],"1":[0],"2":[0],"3":[0],"4":[1],"5":[7],"6":[8],"7":[2],"8":[0],"9":[0],"10":[1],"11":[0],"12":[1],"13":[0]},"fnMap":{"0":{"name":"PollingBoothFinder","decl":{"start":{"line":24,"column":0},"end":{"line":169,"column":1}},"loc":{"start":{"line":24,"column":0},"end":{"line":169,"column":1}},"line":24},"1":{"name":"handleSearch","decl":{"start":{"line":49,"column":23},"end":{"line":90,"column":4}},"loc":{"start":{"line":49,"column":23},"end":{"line":90,"column":4}},"line":49},"2":{"name":"handleUseMyLocation","decl":{"start":{"line":95,"column":30},"end":{"line":114,"column":4}},"loc":{"start":{"line":95,"column":30},"end":{"line":114,"column":4}},"line":95},"3":{"name":"onCloseInfo","decl":{"start":{"line":150,"column":27},"end":{"line":150,"column":58}},"loc":{"start":{"line":150,"column":27},"end":{"line":150,"column":58}},"line":150}},"f":{"0":8,"1":2,"2":0,"3":0}}
,"D:\\Projects Related\\promptwar2\\src\\components\\ProcessWizard.jsx": {"path":"D:\\Projects Related\\promptwar2\\src\\components\\ProcessWizard.jsx","all":false,"statementMap":{"0":{"start":{"line":1,"column":0},"end":{"line":1,"column":40}},"1":{"start":{"line":2,"column":0},"end":{"line":2,"column":46}},"2":{"start":{"line":3,"column":0},"end":{"line":3,"column":43}},"3":{"start":{"line":4,"column":0},"end":{"line":4,"column":37}},"5":{"start":{"line":6,"column":0},"end":{"line":6,"column":41}},"6":{"start":{"line":7,"column":0},"end":{"line":7,"column":52}},"8":{"start":{"line":9,"column":0},"end":{"line":9,"column":26}},"9":{"start":{"line":10,"column":0},"end":{"line":10,"column":72}},"10":{"start":{"line":11,"column":0},"end":{"line":11,"column":4}},"12":{"start":{"line":13,"column":0},"end":{"line":13,"column":26}},"13":{"start":{"line":14,"column":0},"end":{"line":14,"column":57}},"14":{"start":{"line":15,"column":0},"end":{"line":15,"column":4}},"16":{"start":{"line":17,"column":0},"end":{"line":17,"column":10}},"17":{"start":{"line":18,"column":0},"end":{"line":18,"column":38}},"18":{"start":{"line":19,"column":0},"end":{"line":19,"column":34}},"19":{"start":{"line":20,"column":0},"end":{"line":20,"column":91}},"21":{"start":{"line":22,"column":0},"end":{"line":22,"column":39}},"22":{"start":{"line":23,"column":0},"end":{"line":23,"column":37}},"23":{"start":{"line":24,"column":0},"end":{"line":24,"column":15}},"24":{"start":{"line":25,"column":0},"end":{"line":25,"column":26}},"25":{"start":{"line":26,"column":0},"end":{"line":26,"column":79}},"26":{"start":{"line":27,"column":0},"end":{"line":27,"column":49}},"28":{"start":{"line":29,"column":0},"end":{"line":29,"column":56}},"29":{"start":{"line":30,"column":0},"end":{"line":30,"column":60}},"30":{"start":{"line":31,"column":0},"end":{"line":31,"column":16}},"31":{"start":{"line":32,"column":0},"end":{"line":32,"column":11}},"32":{"start":{"line":33,"column":0},"end":{"line":33,"column":12}},"34":{"start":{"line":35,"column":0},"end":{"line":35,"column":84}},"35":{"start":{"line":36,"column":0},"end":{"line":36,"column":40}},"36":{"start":{"line":37,"column":0},"end":{"line":37,"column":71}},"37":{"start":{"line":38,"column":0},"end":{"line":38,"column":45}},"38":{"start":{"line":39,"column":0},"end":{"line":39,"column":14}},"39":{"start":{"line":40,"column":0},"end":{"line":40,"column":43}},"41":{"start":{"line":42,"column":0},"end":{"line":42,"column":41}},"42":{"start":{"line":43,"column":0},"end":{"line":43,"column":18}},"43":{"start":{"line":44,"column":0},"end":{"line":44,"column":42}},"44":{"start":{"line":45,"column":0},"end":{"line":45,"column":31}},"45":{"start":{"line":46,"column":0},"end":{"line":46,"column":40}},"46":{"start":{"line":47,"column":0},"end":{"line":47,"column":11}},"48":{"start":{"line":49,"column":0},"end":{"line":49,"column":19}},"49":{"start":{"line":50,"column":0},"end":{"line":50,"column":18}},"50":{"start":{"line":51,"column":0},"end":{"line":51,"column":28}},"51":{"start":{"line":52,"column":0},"end":{"line":52,"column":31}},"52":{"start":{"line":53,"column":0},"end":{"line":53,"column":55}},"54":{"start":{"line":55,"column":0},"end":{"line":55,"column":88}},"55":{"start":{"line":56,"column":0},"end":{"line":56,"column":19}},"56":{"start":{"line":57,"column":0},"end":{"line":57,"column":14}},"57":{"start":{"line":58,"column":0},"end":{"line":58,"column":12}},"58":{"start":{"line":59,"column":0},"end":{"line":59,"column":10}},"60":{"start":{"line":61,"column":0},"end":{"line":61,"column":1}}},"s":{"0":1,"1":1,"2":1,"3":1,"5":1,"6":1,"8":1,"9":0,"10":0,"12":1,"13":0,"14":0,"16":1,"17":1,"18":1,"19":1,"21":1,"22":1,"23":4,"24":4,"25":4,"26":4,"28":4,"29":4,"30":4,"31":1,"32":1,"34":1,"35":1,"36":1,"37":1,"38":1,"39":1,"41":1,"42":1,"43":1,"44":1,"45":1,"46":1,"48":1,"49":1,"50":1,"51":1,"52":1,"54":1,"55":1,"56":1,"57":1,"58":1,"60":1},"branchMap":{"0":{"type":"branch","line":6,"loc":{"start":{"line":6,"column":0},"end":{"line":61,"column":1}},"locations":[{"start":{"line":6,"column":0},"end":{"line":61,"column":1}}]},"1":{"type":"branch","line":55,"loc":{"start":{"line":55,"column":44},"end":{"line":55,"column":59}},"locations":[{"start":{"line":55,"column":44},"end":{"line":55,"column":59}}]},"2":{"type":"branch","line":23,"loc":{"start":{"line":23,"column":19},"end":{"line":31,"column":16}},"locations":[{"start":{"line":23,"column":19},"end":{"line":31,"column":16}}]},"3":{"type":"branch","line":26,"loc":{"start":{"line":26,"column":49},"end":{"line":26,"column":74}},"locations":[{"start":{"line":26,"column":49},"end":{"line":26,"column":74}}]},"4":{"type":"branch","line":26,"loc":{"start":{"line":26,"column":63},"end":{"line":26,"column":76}},"locations":[{"start":{"line":26,"column":63},"end":{"line":26,"column":76}}]}},"b":{"0":[1],"1":[0],"2":[4],"3":[1],"4":[3]},"fnMap":{"0":{"name":"ProcessWizard","decl":{"start":{"line":6,"column":0},"end":{"line":61,"column":1}},"loc":{"start":{"line":6,"column":0},"end":{"line":61,"column":1}},"line":6},"1":{"name":"nextStep","decl":{"start":{"line":9,"column":19},"end":{"line":11,"column":4}},"loc":{"start":{"line":9,"column":19},"end":{"line":11,"column":4}},"line":9},"2":{"name":"prevStep","decl":{"start":{"line":13,"column":19},"end":{"line":15,"column":4}},"loc":{"start":{"line":13,"column":19},"end":{"line":15,"column":4}},"line":13},"3":{"name":"onClick","decl":{"start":{"line":27,"column":21},"end":{"line":27,"column":49}},"loc":{"start":{"line":27,"column":21},"end":{"line":27,"column":49}},"line":27}},"f":{"0":1,"1":0,"2":0,"3":0}}
,"D:\\Projects Related\\promptwar2\\src\\components\\booth\\BoothSearchForm.jsx": {"path":"D:\\Projects Related\\promptwar2\\src\\components\\booth\\BoothSearchForm.jsx","all":false,"statementMap":{"0":{"start":{"line":1,"column":0},"end":{"line":1,"column":26}},"1":{"start":{"line":2,"column":0},"end":{"line":2,"column":56}},"12":{"start":{"line":13,"column":0},"end":{"line":13,"column":81}},"13":{"start":{"line":14,"column":0},"end":{"line":14,"column":31}},"14":{"start":{"line":15,"column":0},"end":{"line":15,"column":23}},"15":{"start":{"line":16,"column":0},"end":{"line":16,"column":15}},"16":{"start":{"line":17,"column":0},"end":{"line":17,"column":4}},"18":{"start":{"line":19,"column":0},"end":{"line":19,"column":10}},"19":{"start":{"line":20,"column":0},"end":{"line":20,"column":71}},"20":{"start":{"line":21,"column":0},"end":{"line":21,"column":35}},"21":{"start":{"line":22,"column":0},"end":{"line":22,"column":49}},"22":{"start":{"line":23,"column":0},"end":{"line":23,"column":14}},"23":{"start":{"line":24,"column":0},"end":{"line":24,"column":21}},"24":{"start":{"line":25,"column":0},"end":{"line":25,"column":75}},"25":{"start":{"line":26,"column":0},"end":{"line":26,"column":23}},"26":{"start":{"line":27,"column":0},"end":{"line":27,"column":52}},"27":{"start":{"line":28,"column":0},"end":{"line":28,"column":55}},"28":{"start":{"line":29,"column":0},"end":{"line":29,"column":10}},"29":{"start":{"line":30,"column":0},"end":{"line":30,"column":12}},"30":{"start":{"line":31,"column":0},"end":{"line":31,"column":38}},"31":{"start":{"line":32,"column":0},"end":{"line":32,"column":16}},"32":{"start":{"line":33,"column":0},"end":{"line":33,"column":24}},"33":{"start":{"line":34,"column":0},"end":{"line":34,"column":37}},"34":{"start":{"line":35,"column":0},"end":{"line":35,"column":47}},"36":{"start":{"line":37,"column":0},"end":{"line":37,"column":62}},"37":{"start":{"line":38,"column":0},"end":{"line":38,"column":17}},"38":{"start":{"line":39,"column":0},"end":{"line":39,"column":16}},"39":{"start":{"line":40,"column":0},"end":{"line":40,"column":24}},"40":{"start":{"line":41,"column":0},"end":{"line":41,"column":39}},"41":{"start":{"line":42,"column":0},"end":{"line":42,"column":28}},"42":{"start":{"line":43,"column":0},"end":{"line":43,"column":30}},"44":{"start":{"line":45,"column":0},"end":{"line":45,"column":42}},"45":{"start":{"line":46,"column":0},"end":{"line":46,"column":17}},"46":{"start":{"line":47,"column":0},"end":{"line":47,"column":12}},"47":{"start":{"line":48,"column":0},"end":{"line":48,"column":11}},"49":{"start":{"line":50,"column":0},"end":{"line":50,"column":2}},"52":{"start":{"line":53,"column":0},"end":{"line":53,"column":43}},"53":{"start":{"line":54,"column":0},"end":{"line":54,"column":169}},"54":{"start":{"line":55,"column":0},"end":{"line":55,"column":266}},"55":{"start":{"line":56,"column":0},"end":{"line":56,"column":8}},"58":{"start":{"line":59,"column":0},"end":{"line":59,"column":31}}},"s":{"0":1,"1":1,"12":1,"13":8,"14":2,"15":2,"16":2,"18":8,"19":8,"20":8,"21":8,"22":8,"23":8,"24":8,"25":8,"26":8,"27":8,"28":8,"29":8,"30":8,"31":8,"32":8,"33":8,"34":8,"36":8,"37":8,"38":8,"39":8,"40":8,"41":8,"42":8,"44":8,"45":8,"46":8,"47":8,"49":8,"52":1,"53":8,"54":8,"55":8,"58":1},"branchMap":{"0":{"type":"branch","line":13,"loc":{"start":{"line":13,"column":24},"end":{"line":50,"column":2}},"locations":[{"start":{"line":13,"column":24},"end":{"line":50,"column":2}}]},"1":{"type":"branch","line":35,"loc":{"start":{"line":35,"column":20},"end":{"line":35,"column":47}},"locations":[{"start":{"line":35,"column":20},"end":{"line":35,"column":47}}]},"2":{"type":"branch","line":37,"loc":{"start":{"line":37,"column":24},"end":{"line":37,"column":53}},"locations":[{"start":{"line":37,"column":24},"end":{"line":37,"column":53}}]},"3":{"type":"branch","line":37,"loc":{"start":{"line":37,"column":36},"end":{"line":37,"column":62}},"locations":[{"start":{"line":37,"column":36},"end":{"line":37,"column":62}}]},"4":{"type":"branch","line":14,"loc":{"start":{"line":14,"column":23},"end":{"line":17,"column":4}},"locations":[{"start":{"line":14,"column":23},"end":{"line":17,"column":4}}]},"5":{"type":"branch","line":27,"loc":{"start":{"line":27,"column":20},"end":{"line":27,"column":52}},"locations":[{"start":{"line":27,"column":20},"end":{"line":27,"column":52}}]},"6":{"type":"branch","line":53,"loc":{"start":{"line":53,"column":23},"end":{"line":56,"column":8}},"locations":[{"start":{"line":53,"column":23},"end":{"line":56,"column":8}}]}},"b":{"0":[8],"1":[6],"2":[2],"3":[6],"4":[2],"5":[2],"6":[8]},"fnMap":{"0":{"name":"BoothSearchForm","decl":{"start":{"line":13,"column":24},"end":{"line":50,"column":2}},"loc":{"start":{"line":13,"column":24},"end":{"line":50,"column":2}},"line":13},"1":{"name":"handleSubmit","decl":{"start":{"line":14,"column":23},"end":{"line":17,"column":4}},"loc":{"start":{"line":14,"column":23},"end":{"line":17,"column":4}},"line":14},"2":{"name":"onChange","decl":{"start":{"line":27,"column":20},"end":{"line":27,"column":52}},"loc":{"start":{"line":27,"column":20},"end":{"line":27,"column":52}},"line":27},"3":{"name":"FaMapMarkerAlt","decl":{"start":{"line":53,"column":23},"end":{"line":56,"column":8}},"loc":{"start":{"line":53,"column":23},"end":{"line":56,"column":8}},"line":53}},"f":{"0":8,"1":2,"2":2,"3":8}}
,"D:\\Projects Related\\promptwar2\\src\\components\\booth\\MapDisplay.jsx": {"path":"D:\\Projects Related\\promptwar2\\src\\components\\booth\\MapDisplay.jsx","all":false,"statementMap":{"0":{"start":{"line":1,"column":0},"end":{"line":1,"column":26}},"1":{"start":{"line":2,"column":0},"end":{"line":2,"column":71}},"2":{"start":{"line":3,"column":0},"end":{"line":3,"column":46}},"4":{"start":{"line":5,"column":0},"end":{"line":5,"column":27}},"5":{"start":{"line":6,"column":0},"end":{"line":6,"column":16}},"6":{"start":{"line":7,"column":0},"end":{"line":7,"column":17}},"7":{"start":{"line":8,"column":0},"end":{"line":8,"column":23}},"8":{"start":{"line":9,"column":0},"end":{"line":9,"column":2}},"10":{"start":{"line":11,"column":0},"end":{"line":11,"column":20}},"11":{"start":{"line":12,"column":0},"end":{"line":12,"column":26}},"12":{"start":{"line":13,"column":0},"end":{"line":13,"column":20}},"13":{"start":{"line":14,"column":0},"end":{"line":14,"column":24}},"14":{"start":{"line":15,"column":0},"end":{"line":15,"column":27}},"15":{"start":{"line":16,"column":0},"end":{"line":16,"column":26}},"16":{"start":{"line":17,"column":0},"end":{"line":17,"column":11}},"17":{"start":{"line":18,"column":0},"end":{"line":18,"column":65}},"18":{"start":{"line":19,"column":0},"end":{"line":19,"column":73}},"19":{"start":{"line":20,"column":0},"end":{"line":20,"column":75}},"20":{"start":{"line":21,"column":0},"end":{"line":21,"column":92}},"21":{"start":{"line":22,"column":0},"end":{"line":22,"column":86}},"22":{"start":{"line":23,"column":0},"end":{"line":23,"column":93}},"23":{"start":{"line":24,"column":0},"end":{"line":24,"column":85}},"24":{"start":{"line":25,"column":0},"end":{"line":25,"column":95}},"25":{"start":{"line":26,"column":0},"end":{"line":26,"column":89}},"26":{"start":{"line":27,"column":0},"end":{"line":27,"column":4}},"27":{"start":{"line":28,"column":0},"end":{"line":28,"column":2}},"40":{"start":{"line":41,"column":0},"end":{"line":41,"column":22}},"41":{"start":{"line":42,"column":0},"end":{"line":42,"column":10}},"42":{"start":{"line":43,"column":0},"end":{"line":43,"column":8}},"43":{"start":{"line":44,"column":0},"end":{"line":44,"column":12}},"44":{"start":{"line":45,"column":0},"end":{"line":45,"column":10}},"45":{"start":{"line":46,"column":0},"end":{"line":46,"column":19}},"46":{"start":{"line":47,"column":0},"end":{"line":47,"column":19}},"47":{"start":{"line":48,"column":0},"end":{"line":48,"column":14}},"48":{"start":{"line":49,"column":0},"end":{"line":49,"column":7}},"49":{"start":{"line":50,"column":0},"end":{"line":50,"column":10}},"50":{"start":{"line":51,"column":0},"end":{"line":51,"column":52}},"51":{"start":{"line":52,"column":0},"end":{"line":52,"column":16}},"52":{"start":{"line":53,"column":0},"end":{"line":53,"column":45}},"53":{"start":{"line":54,"column":0},"end":{"line":54,"column":19}},"54":{"start":{"line":55,"column":0},"end":{"line":55,"column":23}},"55":{"start":{"line":56,"column":0},"end":{"line":56,"column":28}},"56":{"start":{"line":57,"column":0},"end":{"line":57,"column":23}},"58":{"start":{"line":59,"column":0},"end":{"line":59,"column":36}},"59":{"start":{"line":60,"column":0},"end":{"line":60,"column":17}},"60":{"start":{"line":61,"column":0},"end":{"line":61,"column":28}},"61":{"start":{"line":62,"column":0},"end":{"line":62,"column":39}},"62":{"start":{"line":63,"column":0},"end":{"line":63,"column":52}},"63":{"start":{"line":64,"column":0},"end":{"line":64,"column":56}},"64":{"start":{"line":65,"column":0},"end":{"line":65,"column":77}},"65":{"start":{"line":66,"column":0},"end":{"line":66,"column":14}},"66":{"start":{"line":67,"column":0},"end":{"line":67,"column":12}},"67":{"start":{"line":68,"column":0},"end":{"line":68,"column":11}},"69":{"start":{"line":70,"column":0},"end":{"line":70,"column":29}},"70":{"start":{"line":71,"column":0},"end":{"line":71,"column":21}},"71":{"start":{"line":72,"column":0},"end":{"line":72,"column":47}},"72":{"start":{"line":73,"column":0},"end":{"line":73,"column":38}},"74":{"start":{"line":75,"column":0},"end":{"line":75,"column":45}},"75":{"start":{"line":76,"column":0},"end":{"line":76,"column":45}},"76":{"start":{"line":77,"column":0},"end":{"line":77,"column":46}},"77":{"start":{"line":78,"column":0},"end":{"line":78,"column":17}},"78":{"start":{"line":79,"column":0},"end":{"line":79,"column":122}},"79":{"start":{"line":80,"column":0},"end":{"line":80,"column":31}},"80":{"start":{"line":81,"column":0},"end":{"line":81,"column":41}},"81":{"start":{"line":82,"column":0},"end":{"line":82,"column":41}},"83":{"start":{"line":84,"column":0},"end":{"line":84,"column":47}},"84":{"start":{"line":85,"column":0},"end":{"line":85,"column":18}},"85":{"start":{"line":86,"column":0},"end":{"line":86,"column":18}},"86":{"start":{"line":87,"column":0},"end":{"line":87,"column":23}},"88":{"start":{"line":89,"column":0},"end":{"line":89,"column":18}},"89":{"start":{"line":90,"column":0},"end":{"line":90,"column":10}},"91":{"start":{"line":92,"column":0},"end":{"line":92,"column":2}},"93":{"start":{"line":94,"column":0},"end":{"line":94,"column":26}}},"s":{"0":1,"1":1,"2":1,"4":1,"5":1,"6":1,"7":1,"8":1,"10":1,"11":1,"12":1,"13":1,"14":1,"15":1,"16":1,"17":1,"18":1,"19":1,"20":1,"21":1,"22":1,"23":1,"24":1,"25":1,"26":1,"27":1,"40":1,"41":8,"42":8,"43":8,"44":8,"45":8,"46":8,"47":8,"48":8,"49":8,"50":8,"51":8,"52":8,"53":8,"54":8,"55":8,"56":8,"58":8,"59":1,"60":1,"61":1,"62":1,"63":1,"64":1,"65":1,"66":1,"67":8,"69":8,"70":0,"71":0,"72":0,"74":0,"75":0,"76":0,"77":0,"78":0,"79":0,"80":0,"81":0,"83":0,"84":0,"85":0,"86":0,"88":8,"89":8,"91":8,"93":1},"branchMap":{"0":{"type":"branch","line":41,"loc":{"start":{"line":41,"column":19},"end":{"line":92,"column":2}},"locations":[{"start":{"line":41,"column":19},"end":{"line":92,"column":2}}]},"1":{"type":"branch","line":70,"loc":{"start":{"line":70,"column":9},"end":{"line":87,"column":23}},"locations":[{"start":{"line":70,"column":9},"end":{"line":87,"column":23}}]},"2":{"type":"branch","line":59,"loc":{"start":{"line":59,"column":22},"end":{"line":67,"column":12}},"locations":[{"start":{"line":59,"column":22},"end":{"line":67,"column":12}}]},"3":{"type":"branch","line":64,"loc":{"start":{"line":64,"column":26},"end":{"line":64,"column":55}},"locations":[{"start":{"line":64,"column":26},"end":{"line":64,"column":55}}]}},"b":{"0":[8],"1":[0],"2":[1],"3":[0]},"fnMap":{"0":{"name":"MapDisplay","decl":{"start":{"line":41,"column":19},"end":{"line":92,"column":2}},"loc":{"start":{"line":41,"column":19},"end":{"line":92,"column":2}},"line":41},"1":{"name":"onClick","decl":{"start":{"line":63,"column":21},"end":{"line":63,"column":52}},"loc":{"start":{"line":63,"column":21},"end":{"line":63,"column":52}},"line":63}},"f":{"0":8,"1":0}}
,"D:\\Projects Related\\promptwar2\\src\\components\\booth\\StationList.jsx": {"path":"D:\\Projects Related\\promptwar2\\src\\components\\booth\\StationList.jsx","all":false,"statementMap":{"0":{"start":{"line":1,"column":0},"end":{"line":1,"column":26}},"1":{"start":{"line":2,"column":0},"end":{"line":2,"column":46}},"10":{"start":{"line":11,"column":0},"end":{"line":11,"column":66}},"11":{"start":{"line":12,"column":0},"end":{"line":12,"column":41}},"13":{"start":{"line":14,"column":0},"end":{"line":14,"column":10}},"14":{"start":{"line":15,"column":0},"end":{"line":15,"column":38}},"15":{"start":{"line":16,"column":0},"end":{"line":16,"column":38}},"16":{"start":{"line":17,"column":0},"end":{"line":17,"column":82}},"17":{"start":{"line":18,"column":0},"end":{"line":18,"column":12}},"18":{"start":{"line":19,"column":0},"end":{"line":19,"column":49}},"19":{"start":{"line":20,"column":0},"end":{"line":20,"column":36}},"20":{"start":{"line":21,"column":0},"end":{"line":21,"column":18}},"21":{"start":{"line":22,"column":0},"end":{"line":22,"column":29}},"22":{"start":{"line":23,"column":0},"end":{"line":23,"column":97}},"23":{"start":{"line":24,"column":0},"end":{"line":24,"column":45}},"24":{"start":{"line":25,"column":0},"end":{"line":25,"column":58}},"26":{"start":{"line":27,"column":0},"end":{"line":27,"column":42}},"27":{"start":{"line":28,"column":0},"end":{"line":28,"column":62}},"28":{"start":{"line":29,"column":0},"end":{"line":29,"column":66}},"29":{"start":{"line":30,"column":0},"end":{"line":30,"column":36}},"30":{"start":{"line":31,"column":0},"end":{"line":31,"column":76}},"32":{"start":{"line":33,"column":0},"end":{"line":33,"column":18}},"33":{"start":{"line":34,"column":0},"end":{"line":34,"column":45}},"34":{"start":{"line":35,"column":0},"end":{"line":35,"column":17}},"35":{"start":{"line":36,"column":0},"end":{"line":36,"column":114}},"36":{"start":{"line":37,"column":0},"end":{"line":37,"column":31}},"37":{"start":{"line":38,"column":0},"end":{"line":38,"column":41}},"38":{"start":{"line":39,"column":0},"end":{"line":39,"column":43}},"39":{"start":{"line":40,"column":0},"end":{"line":40,"column":52}},"40":{"start":{"line":41,"column":0},"end":{"line":41,"column":64}},"42":{"start":{"line":43,"column":0},"end":{"line":43,"column":32}},"43":{"start":{"line":44,"column":0},"end":{"line":44,"column":18}},"44":{"start":{"line":45,"column":0},"end":{"line":45,"column":18}},"45":{"start":{"line":46,"column":0},"end":{"line":46,"column":19}},"46":{"start":{"line":47,"column":0},"end":{"line":47,"column":11}},"47":{"start":{"line":48,"column":0},"end":{"line":48,"column":12}},"48":{"start":{"line":49,"column":0},"end":{"line":49,"column":10}},"50":{"start":{"line":51,"column":0},"end":{"line":51,"column":2}},"52":{"start":{"line":53,"column":0},"end":{"line":53,"column":27}}},"s":{"0":1,"1":1,"10":1,"11":8,"13":1,"14":1,"15":1,"16":1,"17":1,"18":1,"19":1,"20":1,"21":1,"22":1,"23":1,"24":1,"26":1,"27":1,"28":1,"29":1,"30":0,"32":1,"33":1,"34":1,"35":1,"36":1,"37":1,"38":1,"39":1,"40":1,"42":1,"43":1,"44":1,"45":1,"46":1,"47":1,"48":1,"50":1,"52":1},"branchMap":{"0":{"type":"branch","line":11,"loc":{"start":{"line":11,"column":20},"end":{"line":51,"column":2}},"locations":[{"start":{"line":11,"column":20},"end":{"line":51,"column":2}}]},"1":{"type":"branch","line":12,"loc":{"start":{"line":12,"column":29},"end":{"line":12,"column":41}},"locations":[{"start":{"line":12,"column":29},"end":{"line":12,"column":41}}]},"2":{"type":"branch","line":12,"loc":{"start":{"line":12,"column":36},"end":{"line":51,"column":2}},"locations":[{"start":{"line":12,"column":36},"end":{"line":51,"column":2}}]},"3":{"type":"branch","line":20,"loc":{"start":{"line":20,"column":22},"end":{"line":46,"column":19}},"locations":[{"start":{"line":20,"column":22},"end":{"line":46,"column":19}}]},"4":{"type":"branch","line":23,"loc":{"start":{"line":23,"column":44},"end":{"line":23,"column":68}},"locations":[{"start":{"line":23,"column":44},"end":{"line":23,"column":68}}]},"5":{"type":"branch","line":23,"loc":{"start":{"line":23,"column":76},"end":{"line":23,"column":92}},"locations":[{"start":{"line":23,"column":76},"end":{"line":23,"column":92}}]},"6":{"type":"branch","line":30,"loc":{"start":{"line":30,"column":23},"end":{"line":31,"column":76}},"locations":[{"start":{"line":30,"column":23},"end":{"line":31,"column":76}}]}},"b":{"0":[8],"1":[7],"2":[1],"3":[1],"4":[0],"5":[0],"6":[0]},"fnMap":{"0":{"name":"StationList","decl":{"start":{"line":11,"column":20},"end":{"line":51,"column":2}},"loc":{"start":{"line":11,"column":20},"end":{"line":51,"column":2}},"line":11},"1":{"name":"onClick","decl":{"start":{"line":24,"column":21},"end":{"line":24,"column":45}},"loc":{"start":{"line":24,"column":21},"end":{"line":24,"column":45}},"line":24},"2":{"name":"onClick","decl":{"start":{"line":40,"column":25},"end":{"line":40,"column":52}},"loc":{"start":{"line":40,"column":25},"end":{"line":40,"column":52}},"line":40}},"f":{"0":8,"1":0,"2":0}}
,"D:\\Projects Related\\promptwar2\\src\\components\\chat\\ChatInput.jsx": {"path":"D:\\Projects Related\\promptwar2\\src\\components\\chat\\ChatInput.jsx","all":false,"statementMap":{"0":{"start":{"line":1,"column":0},"end":{"line":1,"column":26}},"1":{"start":{"line":2,"column":0},"end":{"line":2,"column":46}},"11":{"start":{"line":12,"column":0},"end":{"line":12,"column":62}},"12":{"start":{"line":13,"column":0},"end":{"line":13,"column":32}},"13":{"start":{"line":14,"column":0},"end":{"line":14,"column":43}},"14":{"start":{"line":15,"column":0},"end":{"line":15,"column":25}},"15":{"start":{"line":16,"column":0},"end":{"line":16,"column":15}},"16":{"start":{"line":17,"column":0},"end":{"line":17,"column":5}},"17":{"start":{"line":18,"column":0},"end":{"line":18,"column":4}},"19":{"start":{"line":20,"column":0},"end":{"line":20,"column":10}},"20":{"start":{"line":21,"column":0},"end":{"line":21,"column":40}},"21":{"start":{"line":22,"column":0},"end":{"line":22,"column":12}},"22":{"start":{"line":23,"column":0},"end":{"line":23,"column":19}},"23":{"start":{"line":24,"column":0},"end":{"line":24,"column":30}},"24":{"start":{"line":25,"column":0},"end":{"line":25,"column":21}},"25":{"start":{"line":26,"column":0},"end":{"line":26,"column":50}},"26":{"start":{"line":27,"column":0},"end":{"line":27,"column":33}},"27":{"start":{"line":28,"column":0},"end":{"line":28,"column":65}},"28":{"start":{"line":29,"column":0},"end":{"line":29,"column":27}},"29":{"start":{"line":30,"column":0},"end":{"line":30,"column":58}},"30":{"start":{"line":31,"column":0},"end":{"line":31,"column":8}},"31":{"start":{"line":32,"column":0},"end":{"line":32,"column":14}},"32":{"start":{"line":33,"column":0},"end":{"line":33,"column":29}},"33":{"start":{"line":34,"column":0},"end":{"line":34,"column":24}},"34":{"start":{"line":35,"column":0},"end":{"line":35,"column":44}},"35":{"start":{"line":36,"column":0},"end":{"line":36,"column":33}},"37":{"start":{"line":38,"column":0},"end":{"line":38,"column":24}},"38":{"start":{"line":39,"column":0},"end":{"line":39,"column":15}},"39":{"start":{"line":40,"column":0},"end":{"line":40,"column":10}},"41":{"start":{"line":42,"column":0},"end":{"line":42,"column":2}},"43":{"start":{"line":44,"column":0},"end":{"line":44,"column":25}}},"s":{"0":1,"1":1,"11":1,"12":10,"13":0,"14":0,"15":0,"16":0,"17":0,"19":10,"20":10,"21":10,"22":10,"23":10,"24":10,"25":10,"26":10,"27":10,"28":10,"29":10,"30":10,"31":10,"32":10,"33":10,"34":10,"35":10,"37":10,"38":10,"39":10,"41":10,"43":1},"branchMap":{"0":{"type":"branch","line":12,"loc":{"start":{"line":12,"column":18},"end":{"line":42,"column":2}},"locations":[{"start":{"line":12,"column":18},"end":{"line":42,"column":2}}]},"1":{"type":"branch","line":35,"loc":{"start":{"line":35,"column":18},"end":{"line":35,"column":44}},"locations":[{"start":{"line":35,"column":18},"end":{"line":35,"column":44}}]},"2":{"type":"branch","line":26,"loc":{"start":{"line":26,"column":18},"end":{"line":26,"column":50}},"locations":[{"start":{"line":26,"column":18},"end":{"line":26,"column":50}}]}},"b":{"0":[10],"1":[8],"2":[2]},"fnMap":{"0":{"name":"ChatInput","decl":{"start":{"line":12,"column":18},"end":{"line":42,"column":2}},"loc":{"start":{"line":12,"column":18},"end":{"line":42,"column":2}},"line":12},"1":{"name":"handleKeyDown","decl":{"start":{"line":13,"column":24},"end":{"line":18,"column":4}},"loc":{"start":{"line":13,"column":24},"end":{"line":18,"column":4}},"line":13},"2":{"name":"onChange","decl":{"start":{"line":26,"column":18},"end":{"line":26,"column":50}},"loc":{"start":{"line":26,"column":18},"end":{"line":26,"column":50}},"line":26}},"f":{"0":10,"1":0,"2":2}}
,"D:\\Projects Related\\promptwar2\\src\\components\\chat\\ChatMessage.jsx": {"path":"D:\\Projects Related\\promptwar2\\src\\components\\chat\\ChatMessage.jsx","all":false,"statementMap":{"0":{"start":{"line":1,"column":0},"end":{"line":1,"column":26}},"1":{"start":{"line":2,"column":0},"end":{"line":2,"column":49}},"10":{"start":{"line":11,"column":0},"end":{"line":11,"column":38}},"11":{"start":{"line":12,"column":0},"end":{"line":12,"column":10}},"12":{"start":{"line":13,"column":0},"end":{"line":13,"column":66}},"13":{"start":{"line":14,"column":0},"end":{"line":14,"column":57}},"14":{"start":{"line":15,"column":0},"end":{"line":15,"column":65}},"15":{"start":{"line":16,"column":0},"end":{"line":16,"column":12}},"16":{"start":{"line":17,"column":0},"end":{"line":17,"column":38}},"17":{"start":{"line":18,"column":0},"end":{"line":18,"column":22}},"18":{"start":{"line":19,"column":0},"end":{"line":19,"column":12}},"19":{"start":{"line":20,"column":0},"end":{"line":20,"column":10}},"21":{"start":{"line":22,"column":0},"end":{"line":22,"column":2}},"23":{"start":{"line":24,"column":0},"end":{"line":24,"column":27}}},"s":{"0":1,"1":1,"10":1,"11":16,"12":16,"13":16,"14":16,"15":16,"16":16,"17":16,"18":16,"19":16,"21":16,"23":1},"branchMap":{"0":{"type":"branch","line":11,"loc":{"start":{"line":11,"column":20},"end":{"line":22,"column":2}},"locations":[{"start":{"line":11,"column":20},"end":{"line":22,"column":2}}]},"1":{"type":"branch","line":15,"loc":{"start":{"line":15,"column":26},"end":{"line":15,"column":54}},"locations":[{"start":{"line":15,"column":26},"end":{"line":15,"column":54}}]},"2":{"type":"branch","line":15,"loc":{"start":{"line":15,"column":49},"end":{"line":15,"column":65}},"locations":[{"start":{"line":15,"column":49},"end":{"line":15,"column":65}}]}},"b":{"0":[16],"1":[12],"2":[4]},"fnMap":{"0":{"name":"ChatMessage","decl":{"start":{"line":11,"column":20},"end":{"line":22,"column":2}},"loc":{"start":{"line":11,"column":20},"end":{"line":22,"column":2}},"line":11}},"f":{"0":16}}
,"D:\\Projects Related\\promptwar2\\src\\components\\chat\\ChatSuggestions.jsx": {"path":"D:\\Projects Related\\promptwar2\\src\\components\\chat\\ChatSuggestions.jsx","all":false,"statementMap":{"0":{"start":{"line":1,"column":0},"end":{"line":1,"column":26}},"2":{"start":{"line":3,"column":0},"end":{"line":3,"column":21}},"3":{"start":{"line":4,"column":0},"end":{"line":4,"column":77}},"4":{"start":{"line":5,"column":0},"end":{"line":5,"column":85}},"5":{"start":{"line":6,"column":0},"end":{"line":6,"column":74}},"6":{"start":{"line":7,"column":0},"end":{"line":7,"column":71}},"7":{"start":{"line":8,"column":0},"end":{"line":8,"column":2}},"14":{"start":{"line":15,"column":0},"end":{"line":15,"column":43}},"15":{"start":{"line":16,"column":0},"end":{"line":16,"column":10}},"16":{"start":{"line":17,"column":0},"end":{"line":17,"column":87}},"17":{"start":{"line":18,"column":0},"end":{"line":18,"column":34}},"18":{"start":{"line":19,"column":0},"end":{"line":19,"column":16}},"19":{"start":{"line":20,"column":0},"end":{"line":20,"column":17}},"20":{"start":{"line":21,"column":0},"end":{"line":21,"column":36}},"21":{"start":{"line":22,"column":0},"end":{"line":22,"column":42}},"22":{"start":{"line":23,"column":0},"end":{"line":23,"column":39}},"24":{"start":{"line":25,"column":0},"end":{"line":25,"column":19}},"25":{"start":{"line":26,"column":0},"end":{"line":26,"column":17}},"26":{"start":{"line":27,"column":0},"end":{"line":27,"column":9}},"27":{"start":{"line":28,"column":0},"end":{"line":28,"column":10}},"29":{"start":{"line":30,"column":0},"end":{"line":30,"column":2}},"31":{"start":{"line":32,"column":0},"end":{"line":32,"column":31}}},"s":{"0":1,"2":1,"3":1,"4":1,"5":1,"6":1,"7":1,"14":1,"15":10,"16":10,"17":10,"18":40,"19":40,"20":40,"21":40,"22":40,"24":40,"25":40,"26":10,"27":10,"29":10,"31":1},"branchMap":{"0":{"type":"branch","line":15,"loc":{"start":{"line":15,"column":24},"end":{"line":30,"column":2}},"locations":[{"start":{"line":15,"column":24},"end":{"line":30,"column":2}}]},"1":{"type":"branch","line":18,"loc":{"start":{"line":18,"column":23},"end":{"line":26,"column":17}},"locations":[{"start":{"line":18,"column":23},"end":{"line":26,"column":17}}]}},"b":{"0":[10],"1":[40]},"fnMap":{"0":{"name":"ChatSuggestions","decl":{"start":{"line":15,"column":24},"end":{"line":30,"column":2}},"loc":{"start":{"line":15,"column":24},"end":{"line":30,"column":2}},"line":15},"1":{"name":"onClick","decl":{"start":{"line":22,"column":19},"end":{"line":22,"column":42}},"loc":{"start":{"line":22,"column":19},"end":{"line":22,"column":42}},"line":22}},"f":{"0":10,"1":0}}
,"D:\\Projects Related\\promptwar2\\src\\components\\chat\\RecommendationCard.jsx": {"path":"D:\\Projects Related\\promptwar2\\src\\components\\chat\\RecommendationCard.jsx","all":false,"statementMap":{"0":{"start":{"line":1,"column":0},"end":{"line":1,"column":26}},"1":{"start":{"line":2,"column":0},"end":{"line":2,"column":54}},"10":{"start":{"line":11,"column":0},"end":{"line":11,"column":73}},"11":{"start":{"line":12,"column":0},"end":{"line":12,"column":35}},"13":{"start":{"line":14,"column":0},"end":{"line":14,"column":10}},"14":{"start":{"line":15,"column":0},"end":{"line":15,"column":60}},"15":{"start":{"line":16,"column":0},"end":{"line":16,"column":55}},"16":{"start":{"line":17,"column":0},"end":{"line":17,"column":16}},"17":{"start":{"line":18,"column":0},"end":{"line":18,"column":43}},"18":{"start":{"line":19,"column":0},"end":{"line":19,"column":27}},"19":{"start":{"line":20,"column":0},"end":{"line":20,"column":45}},"21":{"start":{"line":22,"column":0},"end":{"line":22,"column":21}},"22":{"start":{"line":23,"column":0},"end":{"line":23,"column":17}},"23":{"start":{"line":24,"column":0},"end":{"line":24,"column":47}},"24":{"start":{"line":25,"column":0},"end":{"line":25,"column":57}},"25":{"start":{"line":26,"column":0},"end":{"line":26,"column":35}},"26":{"start":{"line":27,"column":0},"end":{"line":27,"column":14}},"27":{"start":{"line":28,"column":0},"end":{"line":28,"column":48}},"28":{"start":{"line":29,"column":0},"end":{"line":29,"column":41}},"29":{"start":{"line":30,"column":0},"end":{"line":30,"column":41}},"30":{"start":{"line":31,"column":0},"end":{"line":31,"column":18}},"31":{"start":{"line":32,"column":0},"end":{"line":32,"column":46}},"32":{"start":{"line":33,"column":0},"end":{"line":33,"column":64}},"34":{"start":{"line":35,"column":0},"end":{"line":35,"column":40}},"35":{"start":{"line":36,"column":0},"end":{"line":36,"column":19}},"36":{"start":{"line":37,"column":0},"end":{"line":37,"column":14}},"37":{"start":{"line":38,"column":0},"end":{"line":38,"column":12}},"38":{"start":{"line":39,"column":0},"end":{"line":39,"column":10}},"40":{"start":{"line":41,"column":0},"end":{"line":41,"column":2}},"42":{"start":{"line":43,"column":0},"end":{"line":43,"column":34}}},"s":{"0":1,"1":1,"10":1,"11":10,"13":0,"14":0,"15":0,"16":0,"17":0,"18":0,"19":0,"21":0,"22":0,"23":0,"24":0,"25":0,"26":0,"27":0,"28":0,"29":0,"30":0,"31":0,"32":0,"34":0,"35":0,"36":0,"37":0,"38":0,"40":0,"42":1},"branchMap":{"0":{"type":"branch","line":11,"loc":{"start":{"line":11,"column":27},"end":{"line":41,"column":2}},"locations":[{"start":{"line":11,"column":27},"end":{"line":41,"column":2}}]},"1":{"type":"branch","line":12,"loc":{"start":{"line":12,"column":30},"end":{"line":41,"column":2}},"locations":[{"start":{"line":12,"column":30},"end":{"line":41,"column":2}}]}},"b":{"0":[10],"1":[0]},"fnMap":{"0":{"name":"RecommendationCard","decl":{"start":{"line":11,"column":27},"end":{"line":41,"column":2}},"loc":{"start":{"line":11,"column":27},"end":{"line":41,"column":2}},"line":11},"1":{"name":"onClick","decl":{"start":{"line":33,"column":21},"end":{"line":33,"column":64}},"loc":{"start":{"line":33,"column":21},"end":{"line":33,"column":64}},"line":33}},"f":{"0":10,"1":0}}
,"D:\\Projects Related\\promptwar2\\src\\components\\common\\Footer.jsx": {"path":"D:\\Projects Related\\promptwar2\\src\\components\\common\\Footer.jsx","all":true,"statementMap":{"0":{"start":{"line":1,"column":0},"end":{"line":1,"column":26}},"1":{"start":{"line":2,"column":0},"end":{"line":2,"column":0}},"2":{"start":{"line":3,"column":0},"end":{"line":3,"column":22}},"3":{"start":{"line":4,"column":0},"end":{"line":4,"column":10}},"4":{"start":{"line":5,"column":0},"end":{"line":5,"column":35}},"5":{"start":{"line":6,"column":0},"end":{"line":6,"column":65}},"6":{"start":{"line":7,"column":0},"end":{"line":7,"column":13}},"7":{"start":{"line":8,"column":0},"end":{"line":8,"column":4}},"8":{"start":{"line":9,"column":0},"end":{"line":9,"column":2}},"9":{"start":{"line":10,"column":0},"end":{"line":10,"column":0}},"10":{"start":{"line":11,"column":0},"end":{"line":11,"column":22}}},"s":{"0":0,"1":0,"2":0,"3":0,"4":0,"5":0,"6":0,"7":0,"8":0,"9":0,"10":0},"branchMap":{"0":{"type":"branch","line":1,"loc":{"start":{"line":1,"column":0},"end":{"line":11,"column":22}},"locations":[{"start":{"line":1,"column":0},"end":{"line":11,"column":22}}]}},"b":{"0":[0]},"fnMap":{"0":{"name":"(empty-report)","decl":{"start":{"line":1,"column":0},"end":{"line":11,"column":22}},"loc":{"start":{"line":1,"column":0},"end":{"line":11,"column":22}},"line":1}},"f":{"0":0}}
,"D:\\Projects Related\\promptwar2\\src\\components\\common\\Header.jsx": {"path":"D:\\Projects Related\\promptwar2\\src\\components\\common\\Header.jsx","all":false,"statementMap":{"0":{"start":{"line":1,"column":0},"end":{"line":1,"column":26}},"2":{"start":{"line":3,"column":0},"end":{"line":3,"column":61}},"3":{"start":{"line":4,"column":0},"end":{"line":4,"column":10}},"4":{"start":{"line":5,"column":0},"end":{"line":5,"column":63}},"5":{"start":{"line":6,"column":0},"end":{"line":6,"column":38}},"6":{"start":{"line":7,"column":0},"end":{"line":7,"column":29}},"7":{"start":{"line":8,"column":0},"end":{"line":8,"column":80}},"8":{"start":{"line":9,"column":0},"end":{"line":9,"column":12}},"9":{"start":{"line":10,"column":0},"end":{"line":10,"column":32}},"10":{"start":{"line":11,"column":0},"end":{"line":11,"column":16}},"11":{"start":{"line":12,"column":0},"end":{"line":12,"column":82}},"12":{"start":{"line":13,"column":0},"end":{"line":13,"column":57}},"13":{"start":{"line":14,"column":0},"end":{"line":14,"column":77}},"14":{"start":{"line":15,"column":0},"end":{"line":15,"column":9}},"16":{"start":{"line":17,"column":0},"end":{"line":17,"column":17}},"17":{"start":{"line":18,"column":0},"end":{"line":18,"column":16}},"18":{"start":{"line":19,"column":0},"end":{"line":19,"column":79}},"19":{"start":{"line":20,"column":0},"end":{"line":20,"column":54}},"20":{"start":{"line":21,"column":0},"end":{"line":21,"column":74}},"21":{"start":{"line":22,"column":0},"end":{"line":22,"column":9}},"23":{"start":{"line":24,"column":0},"end":{"line":24,"column":17}},"24":{"start":{"line":25,"column":0},"end":{"line":25,"column":16}},"25":{"start":{"line":26,"column":0},"end":{"line":26,"column":81}},"26":{"start":{"line":27,"column":0},"end":{"line":27,"column":56}},"27":{"start":{"line":28,"column":0},"end":{"line":28,"column":76}},"28":{"start":{"line":29,"column":0},"end":{"line":29,"column":9}},"30":{"start":{"line":31,"column":0},"end":{"line":31,"column":17}},"31":{"start":{"line":32,"column":0},"end":{"line":32,"column":16}},"32":{"start":{"line":33,"column":0},"end":{"line":33,"column":83}},"33":{"start":{"line":34,"column":0},"end":{"line":34,"column":58}},"34":{"start":{"line":35,"column":0},"end":{"line":35,"column":78}},"35":{"start":{"line":36,"column":0},"end":{"line":36,"column":9}},"37":{"start":{"line":38,"column":0},"end":{"line":38,"column":17}},"38":{"start":{"line":39,"column":0},"end":{"line":39,"column":16}},"39":{"start":{"line":40,"column":0},"end":{"line":40,"column":78}},"40":{"start":{"line":41,"column":0},"end":{"line":41,"column":53}},"41":{"start":{"line":42,"column":0},"end":{"line":42,"column":73}},"42":{"start":{"line":43,"column":0},"end":{"line":43,"column":9}},"44":{"start":{"line":45,"column":0},"end":{"line":45,"column":17}},"45":{"start":{"line":46,"column":0},"end":{"line":46,"column":12}},"46":{"start":{"line":47,"column":0},"end":{"line":47,"column":13}},"48":{"start":{"line":49,"column":0},"end":{"line":49,"column":2}},"50":{"start":{"line":51,"column":0},"end":{"line":51,"column":22}}},"s":{"0":1,"2":1,"3":3,"4":3,"5":3,"6":3,"7":3,"8":3,"9":3,"10":3,"11":3,"12":3,"13":3,"14":3,"16":3,"17":3,"18":3,"19":3,"20":3,"21":3,"23":3,"24":3,"25":3,"26":3,"27":3,"28":3,"30":3,"31":3,"32":3,"33":3,"34":3,"35":3,"37":3,"38":3,"39":3,"40":3,"41":3,"42":3,"44":3,"45":3,"46":3,"48":3,"50":1},"branchMap":{"0":{"type":"branch","line":3,"loc":{"start":{"line":3,"column":15},"end":{"line":49,"column":2}},"locations":[{"start":{"line":3,"column":15},"end":{"line":49,"column":2}}]},"1":{"type":"branch","line":12,"loc":{"start":{"line":12,"column":66},"end":{"line":12,"column":79}},"locations":[{"start":{"line":12,"column":66},"end":{"line":12,"column":79}}]},"2":{"type":"branch","line":14,"loc":{"start":{"line":14,"column":58},"end":{"line":14,"column":77}},"locations":[{"start":{"line":14,"column":58},"end":{"line":14,"column":77}}]},"3":{"type":"branch","line":19,"loc":{"start":{"line":19,"column":52},"end":{"line":19,"column":74}},"locations":[{"start":{"line":19,"column":52},"end":{"line":19,"column":74}}]},"4":{"type":"branch","line":21,"loc":{"start":{"line":21,"column":44},"end":{"line":21,"column":64}},"locations":[{"start":{"line":21,"column":44},"end":{"line":21,"column":64}}]},"5":{"type":"branch","line":26,"loc":{"start":{"line":26,"column":52},"end":{"line":26,"column":76}},"locations":[{"start":{"line":26,"column":52},"end":{"line":26,"column":76}}]},"6":{"type":"branch","line":28,"loc":{"start":{"line":28,"column":44},"end":{"line":28,"column":66}},"locations":[{"start":{"line":28,"column":44},"end":{"line":28,"column":66}}]},"7":{"type":"branch","line":33,"loc":{"start":{"line":33,"column":52},"end":{"line":33,"column":78}},"locations":[{"start":{"line":33,"column":52},"end":{"line":33,"column":78}}]},"8":{"type":"branch","line":35,"loc":{"start":{"line":35,"column":44},"end":{"line":35,"column":68}},"locations":[{"start":{"line":35,"column":44},"end":{"line":35,"column":68}}]},"9":{"type":"branch","line":40,"loc":{"start":{"line":40,"column":52},"end":{"line":40,"column":73}},"locations":[{"start":{"line":40,"column":52},"end":{"line":40,"column":73}}]},"10":{"type":"branch","line":42,"loc":{"start":{"line":42,"column":44},"end":{"line":42,"column":63}},"locations":[{"start":{"line":42,"column":44},"end":{"line":42,"column":63}}]},"11":{"type":"branch","line":27,"loc":{"start":{"line":27,"column":19},"end":{"line":27,"column":56}},"locations":[{"start":{"line":27,"column":19},"end":{"line":27,"column":56}}]}},"b":{"0":[3],"1":[0],"2":[0],"3":[0],"4":[0],"5":[0],"6":[0],"7":[0],"8":[0],"9":[0],"10":[0],"11":[1]},"fnMap":{"0":{"name":"Header","decl":{"start":{"line":3,"column":15},"end":{"line":49,"column":2}},"loc":{"start":{"line":3,"column":15},"end":{"line":49,"column":2}},"line":3},"1":{"name":"onClick","decl":{"start":{"line":13,"column":19},"end":{"line":13,"column":57}},"loc":{"start":{"line":13,"column":19},"end":{"line":13,"column":57}},"line":13},"2":{"name":"onClick","decl":{"start":{"line":20,"column":19},"end":{"line":20,"column":54}},"loc":{"start":{"line":20,"column":19},"end":{"line":20,"column":54}},"line":20},"3":{"name":"onClick","decl":{"start":{"line":27,"column":19},"end":{"line":27,"column":56}},"loc":{"start":{"line":27,"column":19},"end":{"line":27,"column":56}},"line":27},"4":{"name":"onClick","decl":{"start":{"line":34,"column":19},"end":{"line":34,"column":58}},"loc":{"start":{"line":34,"column":19},"end":{"line":34,"column":58}},"line":34},"5":{"name":"onClick","decl":{"start":{"line":41,"column":19},"end":{"line":41,"column":53}},"loc":{"start":{"line":41,"column":19},"end":{"line":41,"column":53}},"line":41}},"f":{"0":3,"1":0,"2":0,"3":1,"4":0,"5":0}}
,"D:\\Projects Related\\promptwar2\\src\\hooks\\useChat.js": {"path":"D:\\Projects Related\\promptwar2\\src\\hooks\\useChat.js","all":false,"statementMap":{"0":{"start":{"line":1,"column":0},"end":{"line":1,"column":65}},"1":{"start":{"line":2,"column":0},"end":{"line":2,"column":49}},"2":{"start":{"line":3,"column":0},"end":{"line":3,"column":59}},"3":{"start":{"line":4,"column":0},"end":{"line":4,"column":59}},"4":{"start":{"line":5,"column":0},"end":{"line":5,"column":81}},"5":{"start":{"line":6,"column":0},"end":{"line":6,"column":84}},"7":{"start":{"line":8,"column":0},"end":{"line":8,"column":3}},"8":{"start":{"line":9,"column":0},"end":{"line":9,"column":53}},"9":{"start":{"line":10,"column":0},"end":{"line":10,"column":3}},"10":{"start":{"line":11,"column":0},"end":{"line":11,"column":40}},"11":{"start":{"line":12,"column":0},"end":{"line":12,"column":44}},"12":{"start":{"line":13,"column":0},"end":{"line":13,"column":6}},"13":{"start":{"line":14,"column":0},"end":{"line":14,"column":25}},"14":{"start":{"line":15,"column":0},"end":{"line":15,"column":350}},"15":{"start":{"line":16,"column":0},"end":{"line":16,"column":19}},"16":{"start":{"line":17,"column":0},"end":{"line":17,"column":23}},"17":{"start":{"line":18,"column":0},"end":{"line":18,"column":5}},"18":{"start":{"line":19,"column":0},"end":{"line":19,"column":5}},"19":{"start":{"line":20,"column":0},"end":{"line":20,"column":41}},"20":{"start":{"line":21,"column":0},"end":{"line":21,"column":52}},"21":{"start":{"line":22,"column":0},"end":{"line":22,"column":56}},"22":{"start":{"line":23,"column":0},"end":{"line":23,"column":59}},"23":{"start":{"line":24,"column":0},"end":{"line":24,"column":73}},"24":{"start":{"line":25,"column":0},"end":{"line":25,"column":38}},"26":{"start":{"line":27,"column":0},"end":{"line":27,"column":32}},"27":{"start":{"line":28,"column":0},"end":{"line":28,"column":67}},"28":{"start":{"line":29,"column":0},"end":{"line":29,"column":4}},"30":{"start":{"line":31,"column":0},"end":{"line":31,"column":19}},"31":{"start":{"line":32,"column":0},"end":{"line":32,"column":21}},"32":{"start":{"line":33,"column":0},"end":{"line":33,"column":17}},"34":{"start":{"line":35,"column":0},"end":{"line":35,"column":53}},"35":{"start":{"line":36,"column":0},"end":{"line":36,"column":34}},"36":{"start":{"line":37,"column":0},"end":{"line":37,"column":28}},"37":{"start":{"line":38,"column":0},"end":{"line":38,"column":36}},"38":{"start":{"line":39,"column":0},"end":{"line":39,"column":5}},"39":{"start":{"line":40,"column":0},"end":{"line":40,"column":19}},"41":{"start":{"line":42,"column":0},"end":{"line":42,"column":34}},"42":{"start":{"line":43,"column":0},"end":{"line":43,"column":27}},"43":{"start":{"line":44,"column":0},"end":{"line":44,"column":34}},"44":{"start":{"line":45,"column":0},"end":{"line":45,"column":4}},"45":{"start":{"line":46,"column":0},"end":{"line":46,"column":48}},"46":{"start":{"line":47,"column":0},"end":{"line":47,"column":32}},"48":{"start":{"line":49,"column":0},"end":{"line":49,"column":53}},"49":{"start":{"line":50,"column":0},"end":{"line":50,"column":30}},"50":{"start":{"line":51,"column":0},"end":{"line":51,"column":41}},"51":{"start":{"line":52,"column":0},"end":{"line":52,"column":13}},"52":{"start":{"line":53,"column":0},"end":{"line":53,"column":5}},"54":{"start":{"line":55,"column":0},"end":{"line":55,"column":55}},"55":{"start":{"line":56,"column":0},"end":{"line":56,"column":18}},"56":{"start":{"line":57,"column":0},"end":{"line":57,"column":27}},"57":{"start":{"line":58,"column":0},"end":{"line":58,"column":13}},"58":{"start":{"line":59,"column":0},"end":{"line":59,"column":5}},"60":{"start":{"line":61,"column":0},"end":{"line":61,"column":26}},"61":{"start":{"line":62,"column":0},"end":{"line":62,"column":39}},"62":{"start":{"line":63,"column":0},"end":{"line":63,"column":17}},"63":{"start":{"line":64,"column":0},"end":{"line":64,"column":4}},"64":{"start":{"line":65,"column":0},"end":{"line":65,"column":24}},"65":{"start":{"line":66,"column":0},"end":{"line":66,"column":60}},"66":{"start":{"line":67,"column":0},"end":{"line":67,"column":4}},"67":{"start":{"line":68,"column":0},"end":{"line":68,"column":37}},"68":{"start":{"line":69,"column":0},"end":{"line":69,"column":27}},"69":{"start":{"line":70,"column":0},"end":{"line":70,"column":73}},"70":{"start":{"line":71,"column":0},"end":{"line":71,"column":7}},"71":{"start":{"line":72,"column":0},"end":{"line":72,"column":23}},"73":{"start":{"line":74,"column":0},"end":{"line":74,"column":25}},"74":{"start":{"line":75,"c
[...]
":{"line":231,"column":0},"end":{"line":231,"column":20}},"231":{"start":{"line":232,"column":0},"end":{"line":232,"column":2}},"232":{"start":{"line":233,"column":0},"end":{"line":233,"column":42}},"233":{"start":{"line":234,"column":0},"end":{"line":234,"column":31}},"234":{"start":{"line":235,"column":0},"end":{"line":235,"column":45}},"235":{"start":{"line":236,"column":0},"end":{"line":236,"column":48}},"236":{"start":{"line":237,"column":0},"end":{"line":237,"column":59}},"237":{"start":{"line":238,"column":0},"end":{"line":238,"column":60}},"238":{"start":{"line":239,"column":0},"end":{"line":239,"column":7}},"239":{"start":{"line":240,"column":0},"end":{"line":240,"column":5}},"240":{"start":{"line":241,"column":0},"end":{"line":241,"column":3}},"241":{"start":{"line":242,"column":0},"end":{"line":242,"column":2}},"242":{"start":{"line":243,"column":0},"end":{"line":243,"column":43}},"243":{"start":{"line":244,"column":0},"end":{"line":244,"column":35}},"244":{"start":{"line":245,"column":0},"end":{"line":245,"column":20}},"245":{"start":{"line":246,"column":0},"end":{"line":246,"column":2}},"246":{"start":{"line":247,"column":0},"end":{"line":247,"column":57}},"247":{"start":{"line":248,"column":0},"end":{"line":248,"column":28}},"248":{"start":{"line":249,"column":0},"end":{"line":249,"column":24}},"249":{"start":{"line":250,"column":0},"end":{"line":250,"column":26}},"250":{"start":{"line":251,"column":0},"end":{"line":251,"column":5}},"251":{"start":{"line":252,"column":0},"end":{"line":252,"column":3}},"252":{"start":{"line":253,"column":0},"end":{"line":253,"column":2}},"253":{"start":{"line":254,"column":0},"end":{"line":254,"column":20}},"254":{"start":{"line":255,"column":0},"end":{"line":255,"column":2}},"256":{"start":{"line":257,"column":0},"end":{"line":257,"column":3}},"257":{"start":{"line":258,"column":0},"end":{"line":258,"column":51}},"258":{"start":{"line":259,"column":0},"end":{"line":259,"column":32}},"259":{"start":{"line":260,"column":0},"end":{"line":260,"column":3}},"260":{"start":{"line":261,"column":0},"end":{"line":261,"column":55}},"261":{"start":{"line":262,"column":0},"end":{"line":262,"column":47}},"262":{"start":{"line":263,"column":0},"end":{"line":263,"column":56}},"263":{"start":{"line":264,"column":0},"end":{"line":264,"column":3}},"264":{"start":{"line":265,"column":0},"end":{"line":265,"column":60}},"265":{"start":{"line":266,"column":0},"end":{"line":266,"column":81}},"266":{"start":{"line":267,"column":0},"end":{"line":267,"column":2}},"267":{"start":{"line":268,"column":0},"end":{"line":268,"column":75}},"268":{"start":{"line":269,"column":0},"end":{"line":269,"column":2}},"270":{"start":{"line":271,"column":0},"end":{"line":271,"column":3}},"271":{"start":{"line":272,"column":0},"end":{"line":272,"column":53}},"272":{"start":{"line":273,"column":0},"end":{"line":273,"column":51}},"273":{"start":{"line":274,"column":0},"end":{"line":274,"column":3}},"274":{"start":{"line":275,"column":0},"end":{"line":275,"column":47}},"275":{"start":{"line":276,"column":0},"end":{"line":276,"column":68}},"276":{"start":{"line":277,"column":0},"end":{"line":277,"column":3}},"277":{"start":{"line":278,"column":0},"end":{"line":278,"column":42}},"278":{"start":{"line":279,"column":0},"end":{"line":279,"column":36}},"279":{"start":{"line":280,"column":0},"end":{"line":280,"column":2}},"281":{"start":{"line":282,"column":0},"end":{"line":282,"column":3}},"282":{"start":{"line":283,"column":0},"end":{"line":283,"column":58}},"283":{"start":{"line":284,"column":0},"end":{"line":284,"column":3}},"284":{"start":{"line":285,"column":0},"end":{"line":285,"column":51}},"285":{"start":{"line":286,"column":0},"end":{"line":286,"column":3}},"286":{"start":{"line":287,"column":0},"end":{"line":287,"column":42}},"287":{"start":{"line":288,"column":0},"end":{"line":288,"column":34}},"288":{"start":{"line":289,"column":0},"end":{"line":289,"column":2}}},"s":{"0":1,"1":1,"2":1,"3":1,"4":1,"5":1,"6":1,"8":1,"9":1,"10":1,"11":1,"12":1,"13":1,"14":1,"15":1,"16":1,"18":1,"19":1,"20":1,"21":1,"22":1,"23":1,"24":1,"25":1,"26":1,"27":1,"28":1,"29":1,"30":1,"31":1,"32":1,"33":1,"34":1,"35":1,"36":1,"37":1,"38":1,"39":1,"40":1,"41":1,"42":1,"43":1,"44":1,"45":1,"46":1,"47":1,"49":1,"50":1,"51":1,"52":1,"53":1,"54":1,"55":1,"56":1,"57":1,"58":1,"59":1,"60":1,"61":1,"62":1,"63":1,"64":1,"65":1,"66":1,"67":1,"68":1,"69":1,"70":1,"71":1,"72":1,"73":1,"74":1,"75":1,"76":1,"77":1,"78":1,"79":1,"80":1,"81":1,"82":1,"83":1,"84":1,"85":1,"86":1,"87":1,"88":1,"89":1,"90":1,"91":1,"92":1,"93":1,"94":1,"95":1,"96":1,"97":1,"98":1,"99":1,"100":1,"101":1,"102":1,"103":1,"104":1,"105":1,"107":1,"108":1,"109":1,"110":1,"111":1,"112":1,"113":1,"115":1,"116":1,"117":1,"118":1,"120":1,"121":1,"122":1,"123":1,"125":1,"126":1,"127":1,"128":1,"130":1,"131":1,"132":1,"133":1,"134":1,"135":1,"136":1,"138":1,"139":1,"140":1,"141":1,"143":1,"144":1,"145":1,"146":1,"147":1,"148":1,"149":1,"150":1,"151":1,"153":1,"154":1,"155":1,"156":1,"157":1,"158":1,"160":1,"162":1,"163":1,"164":1,"165":1,"166":1,"167":1,"168":1,"169":1,"170":1,"171":1,"172":1,"173":1,"174":1,"175":1,"176":1,"177":1,"178":1,"179":1,"180":1,"181":1,"182":1,"183":1,"184":1,"185":1,"187":1,"188":1,"189":1,"190":1,"191":1,"192":1,"193":1,"194":1,"195":1,"196":1,"197":1,"198":1,"199":1,"200":1,"201":1,"202":1,"204":0,"205":0,"206":0,"207":1,"208":0,"209":0,"211":0,"212":1,"213":0,"214":0,"216":0,"217":0,"219":1,"220":1,"221":1,"222":1,"223":1,"224":1,"225":1,"226":1,"227":1,"228":4,"229":4,"230":4,"231":4,"232":4,"233":20,"234":20,"235":368,"236":4,"237":4,"238":4,"239":368,"240":20,"241":4,"242":4,"243":4,"244":4,"245":4,"246":4,"247":20,"248":3,"249":3,"250":3,"251":20,"252":4,"253":4,"254":4,"256":1,"257":1,"258":1,"259":1,"260":1,"261":1,"262":1,"263":1,"264":1,"265":0,"266":0,"267":0,"268":0,"270":1,"271":1,"272":1,"273":1,"274":1,"275":1,"276":1,"277":1,"278":0,"279":0,"281":1,"282":1,"283":1,"284":1,"285":1,"286":1,"287":0,"288":0},"branchMap":{"0":{"type":"branch","line":196,"loc":{"start":{"line":196,"column":31},"end":{"line":218,"column":2}},"locations":[{"start":{"line":196,"column":31},"end":{"line":218,"column":2}}]},"1":{"type":"branch","line":203,"loc":{"start":{"line":203,"column":2},"end":{"line":208,"column":87}},"locations":[{"start":{"line":203,"column":2},"end":{"line":208,"column":87}}]},"2":{"type":"branch","line":208,"loc":{"start":{"line":208,"column":89},"end":{"line":213,"column":81}},"locations":[{"start":{"line":208,"column":89},"end":{"line":213,"column":81}}]},"3":{"type":"branch","line":213,"loc":{"start":{"line":213,"column":83},"end":{"line":218,"column":2}},"locations":[{"start":{"line":213,"column":83},"end":{"line":218,"column":2}}]},"4":{"type":"branch","line":201,"loc":{"start":{"line":201,"column":29},"end":{"line":201,"column":63}},"locations":[{"start":{"line":201,"column":29},"end":{"line":201,"column":63}}]},"5":{"type":"branch","line":228,"loc":{"start":{"line":228,"column":28},"end":{"line":255,"column":2}},"locations":[{"start":{"line":228,"column":28},"end":{"line":255,"column":2}}]},"6":{"type":"branch","line":233,"loc":{"start":{"line":233,"column":41},"end":{"line":241,"column":3}},"locations":[{"start":{"line":233,"column":41},"end":{"line":241,"column":3}}]},"7":{"type":"branch","line":235,"loc":{"start":{"line":235,"column":44},"end":{"line":240,"column":5}},"locations":[{"start":{"line":235,"column":44},"end":{"line":240,"column":5}}]},"8":{"type":"branch","line":236,"loc":{"start":{"line":236,"column":47},"end":{"line":239,"column":7}},"locations":[{"start":{"line":236,"column":47},"end":{"line":239,"column":7}}]},"9":{"type":"branch","line":247,"loc":{"start":{"line":247,"column":56},"end":{"line":252,"column":3}},"locations":[{"start":{"line":247,"column":56},"end":{"line":252,"column":3}}]},"10":{"type":"branch","line":248,"loc":{"start":{"line":248,"column":27},"end":{"line":251,"column":5}},"locations":[{"start":{"line":248,"column":27},"end":{"line":251,"column":5}}]}},"b":{"0":[1],"1":[0],"2":[0],"3":[0],"4":[6],"5":[4],"6":[20],"7":[368],"8":[4],"9":[20],"10":[3]},"fnMap":{"0":{"name":"analyzeBehavior","decl":{"start":{"line":196,"column":31},"end":{"line":218,"column":2}},"loc":{"start":{"line":196,"column":31},"end":{"line":218,"column":2}},"line":196},"1":{"name":"detectIntent","decl":{"start":{"line":228,"column":28},"end":{"line":255,"column":2}},"loc":{"start":{"line":228,"column":28},"end":{"line":255,"column":2}},"line":228},"2":{"name":"buildContextPrompt","decl":{"start":{"line":265,"column":34},"end":{"line":269,"column":2}},"loc":{"start":{"line":265,"column":34},"end":{"line":269,"column":2}},"line":265},"3":{"name":"getNavigation","decl":{"start":{"line":278,"column":29},"end":{"line":280,"column":2}},"loc":{"start":{"line":278,"column":29},"end":{"line":280,"column":2}},"line":278},"4":{"name":"getFallbackResponse","decl":{"start":{"line":287,"column":35},"end":{"line":289,"column":2}},"loc":{"start":{"line":287,"column":35},"end":{"line":289,"column":2}},"line":287}},"f":{"0":1,"1":4,"2":0,"3":0,"4":0}}
,"D:\\Projects Related\\promptwar2\\src\\services\\ai\\types.js": {"path":"D:\\Projects Related\\promptwar2\\src\\services\\ai\\types.js","all":true,"statementMap":{"0":{"start":{"line":1,"column":0},"end":{"line":1,"column":3}},"1":{"start":{"line":2,"column":0},"end":{"line":2,"column":31}},"2":{"start":{"line":3,"column":0},"end":{"line":3,"column":59}},"3":{"start":{"line":4,"column":0},"end":{"line":4,"column":55}},"4":{"start":{"line":5,"column":0},"end":{"line":5,"column":68}},"5":{"start":{"line":6,"column":0},"end":{"line":6,"column":66}},"6":{"start":{"line":7,"column":0},"end":{"line":7,"column":72}},"7":{"start":{"line":8,"column":0},"end":{"line":8,"column":76}},"8":{"start":{"line":9,"column":0},"end":{"line":9,"column":3}},"9":{"start":{"line":10,"column":0},"end":{"line":10,"column":0}},"10":{"start":{"line":11,"column":0},"end":{"line":11,"column":3}},"11":{"start":{"line":12,"column":0},"end":{"line":12,"column":31}},"12":{"start":{"line":13,"column":0},"end":{"line":13,"column":107}},"13":{"start":{"line":14,"column":0},"end":{"line":14,"column":3}},"14":{"start":{"line":15,"column":0},"end":{"line":15,"column":0}},"15":{"start":{"line":16,"column":0},"end":{"line":16,"column":10}}},"s":{"0":0,"1":0,"2":0,"3":0,"4":0,"5":0,"6":0,"7":0,"8":0,"9":0,"10":0,"11":0,"12":0,"13":0,"14":0,"15":0},"branchMap":{"0":{"type":"branch","line":1,"loc":{"start":{"line":1,"column":0},"end":{"line":16,"column":10}},"locations":[{"start":{"line":1,"column":0},"end":{"line":16,"column":10}}]}},"b":{"0":[0]},"fnMap":{"0":{"name":"(empty-report)","decl":{"start":{"line":1,"column":0},"end":{"line":16,"column":10}},"loc":{"start":{"line":1,"column":0},"end":{"line":16,"column":10}},"line":1}},"f":{"0":0}}
,"D:\\Projects Related\\promptwar2\\src\\utils\\security.js": {"path":"D:\\Projects Related\\promptwar2\\src\\utils\\security.js","all":false,"statementMap":{"0":{"start":{"line":1,"column":0},"end":{"line":1,"column":3}},"1":{"start":{"line":2,"column":0},"end":{"line":2,"column":59}},"2":{"start":{"line":3,"column":0},"end":{"line":3,"column":3}},"4":{"start":{"line":5,"column":0},"end":{"line":5,"column":96}},"5":{"start":{"line":6,"column":0},"end":{"line":6,"column":29}},"7":{"start":{"line":8,"column":0},"end":{"line":8,"column":57}},"8":{"start":{"line":9,"column":0},"end":{"line":9,"column":28}},"9":{"start":{"line":10,"column":0},"end":{"line":10,"column":34}},"10":{"start":{"line":11,"column":0},"end":{"line":11,"column":37}},"11":{"start":{"line":12,"column":0},"end":{"line":12,"column":19}},"12":{"start":{"line":13,"column":0},"end":{"line":13,"column":17}},"13":{"start":{"line":14,"column":0},"end":{"line":14,"column":23}},"14":{"start":{"line":15,"column":0},"end":{"line":15,"column":27}},"15":{"start":{"line":16,"column":0},"end":{"line":16,"column":2}},"17":{"start":{"line":18,"column":0},"end":{"line":18,"column":3}},"18":{"start":{"line":19,"column":0},"end":{"line":19,"column":59}},"19":{"start":{"line":20,"column":0},"end":{"line":20,"column":3}},"20":{"start":{"line":21,"column":0},"end":{"line":21,"column":41}},"21":{"start":{"line":22,"column":0},"end":{"line":22,"column":38}},"22":{"start":{"line":23,"column":0},"end":{"line":23,"column":3}},"23":{"start":{"line":24,"column":0},"end":{"line":24,"column":41}},"24":{"start":{"line":25,"column":0},"end":{"line":25,"column":43}},"25":{"start":{"line":26,"column":0},"end":{"line":26,"column":2}},"26":{"start":{"line":27,"column":0},"end":{"line":27,"column":42}},"27":{"start":{"line":28,"column":0},"end":{"line":28,"column":50}},"28":{"start":{"line":29,"column":0},"end":{"line":29,"column":2}},"29":{"start":{"line":30,"column":0},"end":{"line":30,"column":20}},"30":{"start":{"line":31,"column":0},"end":{"line":31,"column":31}},"31":{"start":{"line":32,"column":0},"end":{"line":32,"column":2}},"32":{"start":{"line":33,"column":0},"end":{"line":33,"column":25}},"33":{"start":{"line":34,"column":0},"end":{"line":34,"column":44}},"34":{"start":{"line":35,"column":0},"end":{"line":35,"column":57}},"35":{"start":{"line":36,"column":0},"end":{"line":36,"column":3}},"36":{"start":{"line":37,"column":0},"end":{"line":37,"column":2}},"37":{"start":{"line":38,"column":0},"end":{"line":38,"column":19}},"38":{"start":{"line":39,"column":0},"end":{"line":39,"column":2}},"40":{"start":{"line":41,"column":0},"end":{"line":41,"column":3}},"41":{"start":{"line":42,"column":0},"end":{"line":42,"column":62}},"42":{"start":{"line":43,"column":0},"end":{"line":43,"column":3}},"43":{"start":{"line":44,"column":0},"end":{"line":44,"column":47}},"44":{"start":{"line":45,"column":0},"end":{"line":45,"column":63}},"45":{"start":{"line":46,"column":0},"end":{"line":46,"column":3}},"46":{"start":{"line":47,"column":0},"end":{"line":47,"column":41}},"47":{"start":{"line":48,"column":0},"end":{"line":48,"column":44}},"48":{"start":{"line":49,"column":0},"end":{"line":49,"column":49}},"49":{"start":{"line":50,"column":0},"end":{"line":50,"column":62}},"50":{"start":{"line":51,"column":0},"end":{"line":51,"column":3}},"51":{"start":{"line":52,"column":0},"end":{"line":52,"column":2}},"52":{"start":{"line":53,"column":0},"end":{"line":53,"column":47}},"53":{"start":{"line":54,"column":0},"end":{"line":54,"column":45}},"54":{"start":{"line":55,"column":0},"end":{"line":55,"column":30}},"55":{"start":{"line":56,"column":0},"end":{"line":56,"column":15}},"56":{"start":{"line":57,"column":0},"end":{"line":57,"column":24}},"57":{"start":{"line":58,"column":0},"end":{"line":58,"column":105}},"58":{"start":{"line":59,"column":0},"end":{"line":59,"column":8}},"59":{"start":{"line":60,"column":0},"end":{"line":60,"column":5}},"60":{"start":{"line":61,"column":0},"end":{"line":61,"column":3}},"61":{"start":{"line":62,"column":0},"end":{"line":62,"column":2}},"62":{"start":{"line":63,"column":0},"end":{"line":63,"column":40}},"63":{"start":{"line":64,"column":0},"end":{"line":64,"column":2}},"65":{"start":{"line":66,"column":0},"end":{"line":66,"column":3}},"66":{"start":{"line":67,"column":0},"end":{"line":67,"column":48}},"67":{"start":{"line":68,"column":0},"end":{"line":68,"column":3}},"68":{"start":{"line":69,"column":0},"end":{"line":69,"column":73}},"69":{"start":{"line":70,"column":0},"end":{"line":70,"column":65}},"70":{"start":{"line":71,"column":0},"end":{"line":71,"column":72}},"71":{"start":{"line":72,"column":0},"end":{"line":72,"column":3}},"72":{"start":{"line":73,"column":0},"end":{"line":73,"column":59}},"73":{"start":{"line":74,"column":0},"end":{"line":74,"column":25}},"74":{"start":{"line":75,"column":0},"end":{"line":75,"column":47}},"75":{"start":{"line":76,"column":0},"end":{"line":76,"column":2}},"76":{"start":{"line":77,"column":0},"end":{"line":77,"column":64}},"77":{"start":{"line":78,"column":0},"end":{"line":78,"column":17}},"78":{"start":{"line":79,"column":0},"end":{"line":79,"column":3}},"79":{"start":{"line":80,"column":0},"end":{"line":80,"column":2}},"80":{"start":{"line":81,"column":0},"end":{"line":81,"column":44}},"81":{"start":{"line":82,"column":0},"end":{"line":82,"column":14}},"82":{"start":{"line":83,"column":0},"end":{"line":83,"column":2}}},"s":{"0":1,"1":1,"2":1,"4":1,"5":1,"7":1,"8":1,"9":1,"10":1,"11":1,"12":1,"13":1,"14":1,"15":1,"17":1,"18":1,"19":1,"20":1,"21":1,"22":1,"23":1,"24":6,"25":6,"26":6,"27":6,"28":6,"29":6,"30":6,"31":6,"32":6,"33":6,"34":1,"35":1,"36":6,"37":6,"38":6,"40":1,"41":1,"42":1,"43":1,"44":1,"45":1,"46":1,"47":7,"48":7,"49":3,"50":3,"51":4,"52":4,"53":7,"54":19,"55":1,"56":1,"57":1,"58":1,"59":1,"60":19,"61":3,"62":3,"63":3,"65":1,"66":1,"67":1,"68":1,"69":1,"70":1,"71":1,"72":1,"73":4,"74":4,"75":4,"76":4,"77":0,"78":0,"79":4,"80":4,"81":4,"82":4},"branchMap":{"0":{"type":"branch","line":24,"loc":{"start":{"line":24,"column":29},"end":{"line":39,"column":2}},"locations":[{"start":{"line":24,"column":29},"end":{"line":39,"column":2}}]},"1":{"type":"branch","line":25,"loc":{"start":{"line":25,"column":33},"end":{"line":25,"column":43}},"locations":[{"start":{"line":25,"column":33},"end":{"line":25,"column":43}}]},"2":{"type":"branch","line":34,"loc":{"start":{"line":34,"column":43},"end":{"line":36,"column":3}},"locations":[{"start":{"line":34,"column":43},"end":{"line":36,"column":3}}]},"3":{"type":"branch","line":47,"loc":{"start":{"line":47,"column":29},"end":{"line":64,"column":2}},"locations":[{"start":{"line":47,"column":29},"end":{"line":64,"column":2}}]},"4":{"type":"branch","line":48,"loc":{"start":{"line":48,"column":30},"end":{"line":48,"column":35}},"locations":[{"start":{"line":48,"column":30},"end":{"line":48,"column":35}}]},"5":{"type":"branch","line":49,"loc":{"start":{"line":49,"column":20},"end":{"line":49,"column":46}},"locations":[{"start":{"line":49,"column":20},"end":{"line":49,"column":46}}]},"6":{"type":"branch","line":49,"loc":{"start":{"line":49,"column":48},"end":{"line":51,"column":3}},"locations":[{"start":{"line":49,"column":48},"end":{"line":51,"column":3}}]},"7":{"type":"branch","line":51,"loc":{"start":{"line":51,"column":2},"end":{"line":54,"column":44}},"locations":[{"start":{"line":51,"column":2},"end":{"line":54,"column":44}}]},"8":{"type":"branch","line":54,"loc":{"start":{"line":54,"column":44},"end":{"line":61,"column":3}},"locations":[{"start":{"line":54,"column":44},"end":{"line":61,"column":3}}]},"9":{"type":"branch","line":55,"loc":{"start":{"line":55,"column":29},"end":{"line":60,"column":5}},"locations":[{"start":{"line":55,"column":29},"end":{"line":60,"column":5}}]},"10":{"type":"branch","line":61,"loc":{"start":{"line":61,"column":2},"end":{"line":64,"column":2}},"locations":[{"start":{"line":61,"column":2},"end":{"line":64,"column":2}}]},"11":{"type":"branch","line":73,"loc":{"start":{"line":73,"column":30},"end":{"line":83,"column":2}},"locations":[{"start":{"line":73,"column":30},"end":{"line":83,"column":2}}]},"12":{"type":"branch","line":77,"loc":{"start":{"line":77,"column":17},"end":{"line":77,"column":61}},"locations":[{"start":{"line":77,"column":17},"end":{"line":77,"column":61}}]},"13":{"type":"branch","line":77,"loc":{"start":{"line":77,"column":63},"end":{"line":79,"column":3}},"locations":[{"start":{"line":77,"column":63},"end":{"line":79,"column":3}}]}},"b":{"0":[6],"1":[0],"2":[1],"3":[7],"4":[1],"5":[5],"6":[3],"7":[4],"8":[19],"9":[1],"10":[3],"11":[4],"12":[0],"13":[0]},"fnMap":{"0":{"name":"sanitizeInput","decl":{"start":{"line":24,"column":29},"end":{"line":39,"column":2}},"loc":{"start":{"line":24,"column":29},"end":{"line":39,"column":2}},"line":24},"1":{"name":"validateInput","decl":{"start":{"line":47,"column":29},"end":{"line":64,"column":2}},"loc":{"start":{"line":47,"column":29},"end":{"line":64,"column":2}},"line":47},"2":{"name":"checkRateLimit","decl":{"start":{"line":73,"column":30},"end":{"line":83,"column":2}},"loc":{"start":{"line":73,"column":30},"end":{"line":83,"column":2}},"line":73}},"f":{"0":6,"1":7,"2":4}}
}
